{"/home/lisboasun/Documents/node_js_pro-1/api-warehouse/src/app.ts": {"path":"/home/lisboasun/Documents/node_js_pro-1/api-warehouse/src/app.ts","statementMap":{"0":{"start":{"line":1,"column":0},"end":{"line":1,"column":35}},"1":{"start":{"line":2,"column":0},"end":{"line":2,"column":43}},"2":{"start":{"line":4,"column":0},"end":{"line":4,"column":47}},"3":{"start":{"line":9,"column":0},"end":{"line":9,"column":32}},"4":{"start":{"line":10,"column":0},"end":{"line":10,"column":58}},"5":{"start":{"line":11,"column":0},"end":{"line":11,"column":26}},"6":{"start":{"line":12,"column":0},"end":{"line":12,"column":58}},"7":{"start":{"line":13,"column":0},"end":{"line":13,"column":58}},"8":{"start":{"line":14,"column":0},"end":{"line":14,"column":68}},"9":{"start":{"line":17,"column":13},"end":{"line":17,"column":43}},"10":{"start":{"line":19,"column":7},"end":{"line":68,"column":null}},"11":{"start":{"line":25,"column":33},"end":{"line":25,"column":48}},"12":{"start":{"line":27,"column":10},"end":{"line":27,"column":26}},"13":{"start":{"line":29,"column":10},"end":{"line":29,"column":43}},"14":{"start":{"line":31,"column":10},"end":{"line":31,"column":39}},"15":{"start":{"line":32,"column":39},"end":{"line":32,"column":54}},"16":{"start":{"line":34,"column":10},"end":{"line":34,"column":30}},"17":{"start":{"line":36,"column":2},"end":{"line":36,"column":23}},"18":{"start":{"line":37,"column":2},"end":{"line":37,"column":53}},"19":{"start":{"line":41,"column":2},"end":{"line":41,"column":23}},"20":{"start":{"line":42,"column":17},"end":{"line":42,"column":49}},"21":{"start":{"line":43,"column":25},"end":{"line":43,"column":51}},"22":{"start":{"line":44,"column":2},"end":{"line":44,"column":60}},"23":{"start":{"line":48,"column":2},"end":{"line":48,"column":63}},"24":{"start":{"line":49,"column":2},"end":{"line":49,"column":51}},"25":{"start":{"line":53,"column":2},"end":{"line":53,"column":70}},"26":{"start":{"line":57,"column":2},"end":{"line":57,"column":23}},"27":{"start":{"line":58,"column":2},"end":{"line":58,"column":19}},"28":{"start":{"line":59,"column":2},"end":{"line":59,"column":29}},"29":{"start":{"line":60,"column":2},"end":{"line":60,"column":37}},"30":{"start":{"line":61,"column":2},"end":{"line":61,"column":43}},"31":{"start":{"line":62,"column":2},"end":{"line":62,"column":65}},"32":{"start":{"line":66,"column":2},"end":{"line":66,"column":22}},"33":{"start":{"line":19,"column":13},"end":{"line":68,"column":null}},"34":{"start":{"line":19,"column":13},"end":{"line":19,"column":16}}},"fnMap":{"0":{"name":"(anonymous_12)","decl":{"start":{"line":24,"column":1},"end":{"line":24,"column":null}},"loc":{"start":{"line":34,"column":48},"end":{"line":38,"column":2}}},"1":{"name":"(anonymous_13)","decl":{"start":{"line":40,"column":1},"end":{"line":40,"column":14}},"loc":{"start":{"line":40,"column":14},"end":{"line":45,"column":2}}},"2":{"name":"(anonymous_14)","decl":{"start":{"line":47,"column":1},"end":{"line":47,"column":10}},"loc":{"start":{"line":47,"column":10},"end":{"line":50,"column":2}}},"3":{"name":"(anonymous_15)","decl":{"start":{"line":52,"column":1},"end":{"line":52,"column":20}},"loc":{"start":{"line":52,"column":20},"end":{"line":54,"column":2}}},"4":{"name":"(anonymous_16)","decl":{"start":{"line":56,"column":14},"end":{"line":56,"column":18}},"loc":{"start":{"line":56,"column":18},"end":{"line":63,"column":null}}},"5":{"name":"(anonymous_18)","decl":{"start":{"line":65,"column":8},"end":{"line":65,"column":13}},"loc":{"start":{"line":65,"column":13},"end":{"line":67,"column":2}}}},"branchMap":{},"s":{"0":2,"1":2,"2":2,"3":2,"4":2,"5":2,"6":2,"7":2,"8":2,"9":2,"10":2,"11":2,"12":2,"13":2,"14":2,"15":2,"16":2,"17":2,"18":2,"19":2,"20":2,"21":2,"22":2,"23":2,"24":2,"25":2,"26":2,"27":2,"28":2,"29":2,"30":2,"31":2,"32":2,"33":2,"34":2},"f":{"0":2,"1":2,"2":2,"3":2,"4":2,"5":2},"b":{}}
,"/home/lisboasun/Documents/node_js_pro-1/api-warehouse/src/main.ts": {"path":"/home/lisboasun/Documents/node_js_pro-1/api-warehouse/src/main.ts","statementMap":{"0":{"start":{"line":1,"column":0},"end":{"line":1,"column":67}},"1":{"start":{"line":2,"column":0},"end":{"line":2,"column":28}},"2":{"start":{"line":3,"column":0},"end":{"line":3,"column":60}},"3":{"start":{"line":5,"column":0},"end":{"line":5,"column":32}},"4":{"start":{"line":6,"column":0},"end":{"line":6,"column":58}},"5":{"start":{"line":8,"column":0},"end":{"line":8,"column":48}},"6":{"start":{"line":11,"column":0},"end":{"line":11,"column":52}},"7":{"start":{"line":13,"column":0},"end":{"line":13,"column":56}},"8":{"start":{"line":14,"column":0},"end":{"line":14,"column":58}},"9":{"start":{"line":16,"column":0},"end":{"line":16,"column":59}},"10":{"start":{"line":18,"column":0},"end":{"line":18,"column":68}},"11":{"start":{"line":20,"column":0},"end":{"line":20,"column":62}},"12":{"start":{"line":22,"column":0},"end":{"line":22,"column":68}},"13":{"start":{"line":24,"column":13},"end":{"line":51,"column":3}},"14":{"start":{"line":25,"column":1},"end":{"line":25,"column":67}},"15":{"start":{"line":26,"column":1},"end":{"line":28,"column":22}},"16":{"start":{"line":29,"column":1},"end":{"line":31,"column":22}},"17":{"start":{"line":32,"column":1},"end":{"line":32,"column":75}},"18":{"start":{"line":33,"column":1},"end":{"line":35,"column":22}},"19":{"start":{"line":36,"column":1},"end":{"line":36,"column":79}},"20":{"start":{"line":37,"column":1},"end":{"line":39,"column":22}},"21":{"start":{"line":40,"column":1},"end":{"line":42,"column":22}},"22":{"start":{"line":43,"column":1},"end":{"line":45,"column":22}},"23":{"start":{"line":46,"column":1},"end":{"line":48,"column":22}},"24":{"start":{"line":50,"column":1},"end":{"line":50,"column":57}},"25":{"start":{"line":59,"column":22},"end":{"line":59,"column":37}},"26":{"start":{"line":60,"column":1},"end":{"line":60,"column":32}},"27":{"start":{"line":61,"column":13},"end":{"line":61,"column":53}},"28":{"start":{"line":62,"column":1},"end":{"line":62,"column":18}},"29":{"start":{"line":63,"column":1},"end":{"line":63,"column":30}},"30":{"start":{"line":66,"column":13},"end":{"line":66,"column":32}}},"fnMap":{"0":{"name":"(anonymous_7)","decl":{"start":{"line":24,"column":47},"end":{"line":24,"column":48}},"loc":{"start":{"line":24,"column":73},"end":{"line":51,"column":1}}},"1":{"name":"bootstrap","decl":{"start":{"line":58,"column":15},"end":{"line":58,"column":24}},"loc":{"start":{"line":58,"column":24},"end":{"line":64,"column":null}}}},"branchMap":{},"s":{"0":2,"1":2,"2":2,"3":2,"4":2,"5":2,"6":2,"7":2,"8":2,"9":2,"10":2,"11":2,"12":2,"13":2,"14":2,"15":2,"16":2,"17":2,"18":2,"19":2,"20":2,"21":2,"22":2,"23":2,"24":2,"25":2,"26":2,"27":2,"28":2,"29":2,"30":2},"f":{"0":2,"1":2},"b":{}}
,"/home/lisboasun/Documents/node_js_pro-1/api-warehouse/src/types.ts": {"path":"/home/lisboasun/Documents/node_js_pro-1/api-warehouse/src/types.ts","statementMap":{"0":{"start":{"line":1,"column":13},"end":{"line":13,"column":2}}},"fnMap":{},"branchMap":{},"s":{"0":2},"f":{},"b":{}}
,"/home/lisboasun/Documents/node_js_pro-1/api-warehouse/src/common/auth.guard.ts": {"path":"/home/lisboasun/Documents/node_js_pro-1/api-warehouse/src/common/auth.guard.ts","statementMap":{"0":{"start":{"line":5,"column":2},"end":{"line":7,"column":null}},"1":{"start":{"line":6,"column":3},"end":{"line":6,"column":17}},"2":{"start":{"line":8,"column":2},"end":{"line":8,"column":55}},"3":{"start":{"line":3,"column":0},"end":{"line":3,"column":13}}},"fnMap":{"0":{"name":"(anonymous_0)","decl":{"start":{"line":4,"column":1},"end":{"line":4,"column":8}},"loc":{"start":{"line":4,"column":56},"end":{"line":9,"column":2}}}},"branchMap":{"0":{"loc":{"start":{"line":5,"column":2},"end":{"line":7,"column":null}},"type":"if","locations":[{"start":{"line":5,"column":2},"end":{"line":7,"column":null}}]}},"s":{"0":26,"1":18,"2":8,"3":2},"f":{"0":26},"b":{"0":[18]}}
,"/home/lisboasun/Documents/node_js_pro-1/api-warehouse/src/common/auth.middleware.ts": {"path":"/home/lisboasun/Documents/node_js_pro-1/api-warehouse/src/common/auth.middleware.ts","statementMap":{"0":{"start":{"line":2,"column":0},"end":{"line":2,"column":38}},"1":{"start":{"line":6,"column":21},"end":{"line":6,"column":35}},"2":{"start":{"line":9,"column":2},"end":{"line":22,"column":null}},"3":{"start":{"line":10,"column":17},"end":{"line":10,"column":56}},"4":{"start":{"line":11,"column":3},"end":{"line":19,"column":6}},"5":{"start":{"line":12,"column":4},"end":{"line":18,"column":null}},"6":{"start":{"line":13,"column":5},"end":{"line":13,"column":12}},"7":{"start":{"line":14,"column":11},"end":{"line":18,"column":null}},"8":{"start":{"line":15,"column":5},"end":{"line":15,"column":30}},"9":{"start":{"line":16,"column":5},"end":{"line":16,"column":30}},"10":{"start":{"line":17,"column":5},"end":{"line":17,"column":12}},"11":{"start":{"line":21,"column":3},"end":{"line":21,"column":10}},"12":{"start":{"line":5,"column":0},"end":{"line":5,"column":13}}},"fnMap":{"0":{"name":"(anonymous_0)","decl":{"start":{"line":6,"column":1},"end":{"line":6,"column":21}},"loc":{"start":{"line":6,"column":35},"end":{"line":6,"column":39}}},"1":{"name":"(anonymous_1)","decl":{"start":{"line":8,"column":1},"end":{"line":8,"column":8}},"loc":{"start":{"line":8,"column":56},"end":{"line":23,"column":2}}},"2":{"name":"(anonymous_2)","decl":{"start":{"line":11,"column":30},"end":{"line":11,"column":31}},"loc":{"start":{"line":11,"column":47},"end":{"line":19,"column":4}}}},"branchMap":{"0":{"loc":{"start":{"line":9,"column":2},"end":{"line":22,"column":null}},"type":"if","locations":[{"start":{"line":9,"column":2},"end":{"line":22,"column":null}},{"start":{"line":20,"column":9},"end":{"line":22,"column":null}}]},"1":{"loc":{"start":{"line":12,"column":4},"end":{"line":18,"column":null}},"type":"if","locations":[{"start":{"line":12,"column":4},"end":{"line":18,"column":null}},{"start":{"line":14,"column":11},"end":{"line":18,"column":null}}]},"2":{"loc":{"start":{"line":14,"column":11},"end":{"line":18,"column":null}},"type":"if","locations":[{"start":{"line":14,"column":11},"end":{"line":18,"column":null}}]},"3":{"loc":{"start":{"line":14,"column":15},"end":{"line":14,"column":53}},"type":"binary-expr","locations":[{"start":{"line":14,"column":15},"end":{"line":14,"column":22}},{"start":{"line":14,"column":26},"end":{"line":14,"column":53}}]}},"s":{"0":2,"1":2,"2":51,"3":20,"4":20,"5":20,"6":2,"7":18,"8":18,"9":18,"10":18,"11":31,"12":2},"f":{"0":2,"1":51,"2":20},"b":{"0":[20,31],"1":[2,18],"2":[18],"3":[18,18]}}
,"/home/lisboasun/Documents/node_js_pro-1/api-warehouse/src/common/base.controller.ts": {"path":"/home/lisboasun/Documents/node_js_pro-1/api-warehouse/src/common/base.controller.ts","statementMap":{"0":{"start":{"line":1,"column":0},"end":{"line":1,"column":43}},"1":{"start":{"line":2,"column":0},"end":{"line":2,"column":39}},"2":{"start":{"line":5,"column":0},"end":{"line":5,"column":26}},"3":{"start":{"line":8,"column":7},"end":{"line":41,"column":null}},"4":{"start":{"line":11,"column":21},"end":{"line":11,"column":36}},"5":{"start":{"line":12,"column":2},"end":{"line":12,"column":26}},"6":{"start":{"line":16,"column":2},"end":{"line":16,"column":22}},"7":{"start":{"line":20,"column":2},"end":{"line":26,"column":null}},"8":{"start":{"line":21,"column":3},"end":{"line":21,"column":52}},"9":{"start":{"line":22,"column":22},"end":{"line":22,"column":70}},"10":{"start":{"line":22,"column":52},"end":{"line":22,"column":69}},"11":{"start":{"line":23,"column":19},"end":{"line":23,"column":40}},"12":{"start":{"line":24,"column":20},"end":{"line":24,"column":67}},"13":{"start":{"line":25,"column":3},"end":{"line":25,"column":51}},"14":{"start":{"line":30,"column":2},"end":{"line":30,"column":31}},"15":{"start":{"line":31,"column":2},"end":{"line":31,"column":40}},"16":{"start":{"line":35,"column":2},"end":{"line":35,"column":29}},"17":{"start":{"line":39,"column":2},"end":{"line":39,"column":49}},"18":{"start":{"line":8,"column":22},"end":{"line":41,"column":null}},"19":{"start":{"line":8,"column":22},"end":{"line":8,"column":36}}},"fnMap":{"0":{"name":"(anonymous_2)","decl":{"start":{"line":11,"column":1},"end":{"line":11,"column":21}},"loc":{"start":{"line":11,"column":36},"end":{"line":13,"column":2}}},"1":{"name":"(anonymous_3)","decl":{"start":{"line":15,"column":1},"end":{"line":15,"column":5}},"loc":{"start":{"line":15,"column":11},"end":{"line":17,"column":2}}},"2":{"name":"(anonymous_4)","decl":{"start":{"line":19,"column":11},"end":{"line":19,"column":21}},"loc":{"start":{"line":19,"column":48},"end":{"line":27,"column":2}}},"3":{"name":"(anonymous_5)","decl":{"start":{"line":22,"column":45},"end":{"line":22,"column":46}},"loc":{"start":{"line":22,"column":52},"end":{"line":22,"column":69}}},"4":{"name":"(anonymous_6)","decl":{"start":{"line":29,"column":8},"end":{"line":29,"column":20}},"loc":{"start":{"line":29,"column":63},"end":{"line":32,"column":2}}},"5":{"name":"(anonymous_7)","decl":{"start":{"line":34,"column":8},"end":{"line":34,"column":15}},"loc":{"start":{"line":34,"column":29},"end":{"line":36,"column":2}}},"6":{"name":"(anonymous_8)","decl":{"start":{"line":38,"column":8},"end":{"line":38,"column":10}},"loc":{"start":{"line":38,"column":39},"end":{"line":40,"column":2}}}},"branchMap":{"0":{"loc":{"start":{"line":22,"column":22},"end":{"line":22,"column":70}},"type":"cond-expr","locations":[{"start":{"line":22,"column":39},"end":{"line":22,"column":41}},{"start":{"line":22,"column":39},"end":{"line":22,"column":70}}]},"1":{"loc":{"start":{"line":22,"column":22},"end":{"line":22,"column":41}},"type":"binary-expr","locations":[{"start":{"line":22,"column":22},"end":{"line":22,"column":41}},{"start":{"line":22,"column":39},"end":{"line":22,"column":41}}]},"2":{"loc":{"start":{"line":24,"column":20},"end":{"line":24,"column":67}},"type":"cond-expr","locations":[{"start":{"line":24,"column":33},"end":{"line":24,"column":57}},{"start":{"line":24,"column":60},"end":{"line":24,"column":67}}]}},"s":{"0":2,"1":2,"2":2,"3":2,"4":4,"5":4,"6":46,"7":4,"8":42,"9":42,"10":86,"11":42,"12":42,"13":42,"14":39,"15":39,"16":0,"17":39,"18":2,"19":2},"f":{"0":4,"1":46,"2":4,"3":86,"4":39,"5":0,"6":39},"b":{"0":[0,42],"1":[42,42],"2":[42,0]}}
,"/home/lisboasun/Documents/node_js_pro-1/api-warehouse/src/common/role.middleware.ts": {"path":"/home/lisboasun/Documents/node_js_pro-1/api-warehouse/src/common/role.middleware.ts","statementMap":{"0":{"start":{"line":3,"column":0},"end":{"line":3,"column":38}},"1":{"start":{"line":5,"column":28},"end":{"line":5,"column":31}},"2":{"start":{"line":6,"column":25},"end":{"line":6,"column":28}},"3":{"start":{"line":7,"column":31},"end":{"line":7,"column":47}},"4":{"start":{"line":8,"column":30},"end":{"line":8,"column":45}},"5":{"start":{"line":9,"column":30},"end":{"line":9,"column":45}},"6":{"start":{"line":11,"column":21},"end":{"line":11,"column":33}},"7":{"start":{"line":11,"column":43},"end":{"line":11,"column":57}},"8":{"start":{"line":13,"column":16},"end":{"line":13,"column":56}},"9":{"start":{"line":14,"column":2},"end":{"line":30,"column":null}},"10":{"start":{"line":15,"column":3},"end":{"line":15,"column":64}},"11":{"start":{"line":17,"column":3},"end":{"line":29,"column":null}},"12":{"start":{"line":18,"column":20},"end":{"line":18,"column":46}},"13":{"start":{"line":19,"column":4},"end":{"line":26,"column":null}},"14":{"start":{"line":20,"column":29},"end":{"line":20,"column":61}},"15":{"start":{"line":21,"column":5},"end":{"line":25,"column":null}},"16":{"start":{"line":22,"column":6},"end":{"line":22,"column":63}},"17":{"start":{"line":24,"column":6},"end":{"line":24,"column":13}},"18":{"start":{"line":28,"column":4},"end":{"line":28,"column":61}},"19":{"start":{"line":10,"column":0},"end":{"line":10,"column":13}}},"fnMap":{"0":{"name":"(anonymous_0)","decl":{"start":{"line":11,"column":1},"end":{"line":11,"column":21}},"loc":{"start":{"line":11,"column":57},"end":{"line":11,"column":61}}},"1":{"name":"(anonymous_1)","decl":{"start":{"line":12,"column":1},"end":{"line":12,"column":8}},"loc":{"start":{"line":12,"column":56},"end":{"line":31,"column":2}}}},"branchMap":{"0":{"loc":{"start":{"line":13,"column":16},"end":{"line":13,"column":56}},"type":"cond-expr","locations":[{"start":{"line":13,"column":41},"end":{"line":13,"column":43}},{"start":{"line":13,"column":41},"end":{"line":13,"column":56}}]},"1":{"loc":{"start":{"line":13,"column":16},"end":{"line":13,"column":43}},"type":"binary-expr","locations":[{"start":{"line":13,"column":16},"end":{"line":13,"column":43}},{"start":{"line":13,"column":41},"end":{"line":13,"column":43}}]},"2":{"loc":{"start":{"line":14,"column":2},"end":{"line":30,"column":null}},"type":"if","locations":[{"start":{"line":14,"column":2},"end":{"line":30,"column":null}},{"start":{"line":16,"column":9},"end":{"line":30,"column":null}}]},"3":{"loc":{"start":{"line":19,"column":4},"end":{"line":26,"column":null}},"type":"if","locations":[{"start":{"line":19,"column":4},"end":{"line":26,"column":null}}]},"4":{"loc":{"start":{"line":19,"column":8},"end":{"line":19,"column":46}},"type":"binary-expr","locations":[{"start":{"line":19,"column":8},"end":{"line":19,"column":15}},{"start":{"line":19,"column":19},"end":{"line":19,"column":46}}]},"5":{"loc":{"start":{"line":21,"column":5},"end":{"line":25,"column":null}},"type":"if","locations":[{"start":{"line":21,"column":5},"end":{"line":25,"column":null}},{"start":{"line":23,"column":12},"end":{"line":25,"column":null}}]}},"s":{"0":2,"1":2,"2":2,"3":2,"4":2,"5":2,"6":8,"7":8,"8":16,"9":16,"10":0,"11":16,"12":16,"13":16,"14":16,"15":16,"16":0,"17":16,"18":0,"19":2},"f":{"0":8,"1":16},"b":{"0":[0,16],"1":[16,16],"2":[0,16],"3":[16],"4":[16,16],"5":[0,16]}}
,"/home/lisboasun/Documents/node_js_pro-1/api-warehouse/src/common/validate.middleware.ts": {"path":"/home/lisboasun/Documents/node_js_pro-1/api-warehouse/src/common/validate.middleware.ts","statementMap":{"0":{"start":{"line":1,"column":0},"end":{"line":1,"column":67}},"1":{"start":{"line":2,"column":0},"end":{"line":2,"column":43}},"2":{"start":{"line":6,"column":21},"end":{"line":6,"column":62}},"3":{"start":{"line":9,"column":19},"end":{"line":9,"column":59}},"4":{"start":{"line":10,"column":2},"end":{"line":16,"column":5}},"5":{"start":{"line":11,"column":3},"end":{"line":15,"column":null}},"6":{"start":{"line":12,"column":4},"end":{"line":12,"column":33}},"7":{"start":{"line":14,"column":4},"end":{"line":14,"column":11}},"8":{"start":{"line":5,"column":0},"end":{"line":5,"column":13}}},"fnMap":{"0":{"name":"(anonymous_0)","decl":{"start":{"line":6,"column":1},"end":{"line":6,"column":21}},"loc":{"start":{"line":6,"column":62},"end":{"line":6,"column":66}}},"1":{"name":"(anonymous_1)","decl":{"start":{"line":8,"column":1},"end":{"line":8,"column":8}},"loc":{"start":{"line":8,"column":61},"end":{"line":17,"column":2}}},"2":{"name":"(anonymous_2)","decl":{"start":{"line":10,"column":26},"end":{"line":10,"column":27}},"loc":{"start":{"line":10,"column":37},"end":{"line":16,"column":3}}}},"branchMap":{"0":{"loc":{"start":{"line":11,"column":3},"end":{"line":15,"column":null}},"type":"if","locations":[{"start":{"line":11,"column":3},"end":{"line":15,"column":null}},{"start":{"line":13,"column":10},"end":{"line":15,"column":null}}]}},"s":{"0":2,"1":2,"2":8,"3":33,"4":33,"5":33,"6":2,"7":31,"8":2},"f":{"0":8,"1":33,"2":33},"b":{"0":[2,31]}}
,"/home/lisboasun/Documents/node_js_pro-1/api-warehouse/src/config/config.service.ts": {"path":"/home/lisboasun/Documents/node_js_pro-1/api-warehouse/src/config/config.service.ts","statementMap":{"0":{"start":{"line":1,"column":0},"end":{"line":1,"column":71}},"1":{"start":{"line":2,"column":0},"end":{"line":2,"column":47}},"2":{"start":{"line":4,"column":0},"end":{"line":4,"column":33}},"3":{"start":{"line":6,"column":0},"end":{"line":6,"column":26}},"4":{"start":{"line":9,"column":7},"end":{"line":24,"column":null}},"5":{"start":{"line":11,"column":44},"end":{"line":11,"column":59}},"6":{"start":{"line":12,"column":37},"end":{"line":12,"column":45}},"7":{"start":{"line":13,"column":2},"end":{"line":18,"column":null}},"8":{"start":{"line":14,"column":3},"end":{"line":14,"column":58}},"9":{"start":{"line":16,"column":3},"end":{"line":16,"column":53}},"10":{"start":{"line":17,"column":3},"end":{"line":17,"column":52}},"11":{"start":{"line":22,"column":2},"end":{"line":22,"column":26}},"12":{"start":{"line":9,"column":13},"end":{"line":24,"column":null}},"13":{"start":{"line":9,"column":13},"end":{"line":9,"column":26}}},"fnMap":{"0":{"name":"(anonymous_4)","decl":{"start":{"line":11,"column":1},"end":{"line":11,"column":14}},"loc":{"start":{"line":11,"column":59},"end":{"line":19,"column":2}}},"1":{"name":"(anonymous_5)","decl":{"start":{"line":21,"column":1},"end":{"line":21,"column":4}},"loc":{"start":{"line":21,"column":16},"end":{"line":23,"column":2}}}},"branchMap":{"0":{"loc":{"start":{"line":13,"column":2},"end":{"line":18,"column":null}},"type":"if","locations":[{"start":{"line":13,"column":2},"end":{"line":18,"column":null}},{"start":{"line":15,"column":9},"end":{"line":18,"column":null}}]}},"s":{"0":2,"1":2,"2":2,"3":2,"4":2,"5":2,"6":2,"7":2,"8":0,"9":2,"10":2,"11":29,"12":2,"13":2},"f":{"0":2,"1":29},"b":{"0":[0,2]}}
,"/home/lisboasun/Documents/node_js_pro-1/api-warehouse/src/database/prisma.service.ts": {"path":"/home/lisboasun/Documents/node_js_pro-1/api-warehouse/src/database/prisma.service.ts","statementMap":{"0":{"start":{"line":1,"column":0},"end":{"line":1,"column":46}},"1":{"start":{"line":2,"column":0},"end":{"line":2,"column":47}},"2":{"start":{"line":4,"column":0},"end":{"line":4,"column":33}},"3":{"start":{"line":5,"column":0},"end":{"line":5,"column":26}},"4":{"start":{"line":8,"column":7},"end":{"line":26,"column":null}},"5":{"start":{"line":10,"column":44},"end":{"line":10,"column":59}},"6":{"start":{"line":11,"column":2},"end":{"line":11,"column":35}},"7":{"start":{"line":14,"column":2},"end":{"line":21,"column":null}},"8":{"start":{"line":15,"column":3},"end":{"line":15,"column":32}},"9":{"start":{"line":16,"column":3},"end":{"line":16,"column":54}},"10":{"start":{"line":18,"column":3},"end":{"line":20,"column":null}},"11":{"start":{"line":19,"column":4},"end":{"line":19,"column":61}},"12":{"start":{"line":24,"column":2},"end":{"line":24,"column":34}},"13":{"start":{"line":8,"column":13},"end":{"line":26,"column":null}},"14":{"start":{"line":8,"column":13},"end":{"line":8,"column":26}}},"fnMap":{"0":{"name":"(anonymous_11)","decl":{"start":{"line":10,"column":1},"end":{"line":10,"column":14}},"loc":{"start":{"line":10,"column":59},"end":{"line":12,"column":2}}},"1":{"name":"(anonymous_12)","decl":{"start":{"line":13,"column":7},"end":{"line":13,"column":14}},"loc":{"start":{"line":13,"column":14},"end":{"line":22,"column":null}}},"2":{"name":"(anonymous_14)","decl":{"start":{"line":23,"column":7},"end":{"line":23,"column":17}},"loc":{"start":{"line":23,"column":17},"end":{"line":25,"column":null}}}},"branchMap":{"0":{"loc":{"start":{"line":18,"column":3},"end":{"line":20,"column":null}},"type":"if","locations":[{"start":{"line":18,"column":3},"end":{"line":20,"column":null}}]}},"s":{"0":2,"1":2,"2":2,"3":2,"4":2,"5":2,"6":2,"7":2,"8":2,"9":2,"10":0,"11":0,"12":0,"13":2,"14":2},"f":{"0":2,"1":2,"2":0},"b":{"0":[0]}}
,"/home/lisboasun/Documents/node_js_pro-1/api-warehouse/src/errors/exception.filter.ts": {"path":"/home/lisboasun/Documents/node_js_pro-1/api-warehouse/src/errors/exception.filter.ts","statementMap":{"0":{"start":{"line":2,"column":0},"end":{"line":2,"column":47}},"1":{"start":{"line":4,"column":0},"end":{"line":4,"column":33}},"2":{"start":{"line":6,"column":0},"end":{"line":6,"column":26}},"3":{"start":{"line":7,"column":0},"end":{"line":7,"column":47}},"4":{"start":{"line":9,"column":7},"end":{"line":28,"column":null}},"5":{"start":{"line":10,"column":44},"end":{"line":10,"column":59}},"6":{"start":{"line":18,"column":2},"end":{"line":26,"column":null}},"7":{"start":{"line":19,"column":3},"end":{"line":21,"column":5}},"8":{"start":{"line":22,"column":3},"end":{"line":22,"column":57}},"9":{"start":{"line":24,"column":3},"end":{"line":24,"column":39}},"10":{"start":{"line":25,"column":3},"end":{"line":25,"column":46}},"11":{"start":{"line":9,"column":13},"end":{"line":28,"column":null}},"12":{"start":{"line":9,"column":13},"end":{"line":9,"column":28}}},"fnMap":{"0":{"name":"(anonymous_4)","decl":{"start":{"line":10,"column":1},"end":{"line":10,"column":14}},"loc":{"start":{"line":10,"column":59},"end":{"line":10,"column":63}}},"1":{"name":"(anonymous_5)","decl":{"start":{"line":12,"column":1},"end":{"line":12,"column":6}},"loc":{"start":{"line":16,"column":20},"end":{"line":27,"column":2}}}},"branchMap":{"0":{"loc":{"start":{"line":18,"column":2},"end":{"line":26,"column":null}},"type":"if","locations":[{"start":{"line":18,"column":2},"end":{"line":26,"column":null}},{"start":{"line":23,"column":9},"end":{"line":26,"column":null}}]}},"s":{"0":2,"1":2,"2":2,"3":2,"4":2,"5":2,"6":2,"7":2,"8":2,"9":0,"10":0,"11":2,"12":2},"f":{"0":2,"1":2},"b":{"0":[2,0]}}
,"/home/lisboasun/Documents/node_js_pro-1/api-warehouse/src/errors/http-error.class.ts": {"path":"/home/lisboasun/Documents/node_js_pro-1/api-warehouse/src/errors/http-error.class.ts","statementMap":{"0":{"start":{"line":6,"column":2},"end":{"line":6,"column":17}},"1":{"start":{"line":7,"column":2},"end":{"line":7,"column":31}},"2":{"start":{"line":8,"column":2},"end":{"line":8,"column":25}},"3":{"start":{"line":9,"column":2},"end":{"line":9,"column":25}},"4":{"start":{"line":1,"column":0},"end":{"line":1,"column":13}}},"fnMap":{"0":{"name":"(anonymous_0)","decl":{"start":{"line":5,"column":1},"end":{"line":5,"column":13}},"loc":{"start":{"line":5,"column":66},"end":{"line":10,"column":2}}}},"branchMap":{},"s":{"0":2,"1":2,"2":2,"3":2,"4":2},"f":{"0":2},"b":{}}
,"/home/lisboasun/Documents/node_js_pro-1/api-warehouse/src/logger/logger.ts": {"path":"/home/lisboasun/Documents/node_js_pro-1/api-warehouse/src/logger/logger.ts","statementMap":{"0":{"start":{"line":1,"column":0},"end":{"line":1,"column":39}},"1":{"start":{"line":2,"column":0},"end":{"line":2,"column":31}},"2":{"start":{"line":4,"column":0},"end":{"line":4,"column":26}},"3":{"start":{"line":6,"column":7},"end":{"line":29,"column":null}},"4":{"start":{"line":10,"column":2},"end":{"line":15,"column":5}},"5":{"start":{"line":19,"column":2},"end":{"line":19,"column":28}},"6":{"start":{"line":23,"column":2},"end":{"line":23,"column":29}},"7":{"start":{"line":27,"column":2},"end":{"line":27,"column":28}},"8":{"start":{"line":6,"column":13},"end":{"line":29,"column":null}},"9":{"start":{"line":6,"column":13},"end":{"line":6,"column":26}}},"fnMap":{"0":{"name":"(anonymous_2)","decl":{"start":{"line":9,"column":1},"end":{"line":9,"column":null}},"loc":{"start":{"line":9,"column":1},"end":{"line":16,"column":2}}},"1":{"name":"(anonymous_3)","decl":{"start":{"line":18,"column":1},"end":{"line":18,"column":4}},"loc":{"start":{"line":18,"column":23},"end":{"line":20,"column":2}}},"2":{"name":"(anonymous_4)","decl":{"start":{"line":22,"column":1},"end":{"line":22,"column":6}},"loc":{"start":{"line":22,"column":25},"end":{"line":24,"column":2}}},"3":{"name":"(anonymous_5)","decl":{"start":{"line":26,"column":1},"end":{"line":26,"column":5}},"loc":{"start":{"line":26,"column":24},"end":{"line":28,"column":2}}}},"branchMap":{},"s":{"0":2,"1":2,"2":2,"3":2,"4":2,"5":48,"6":2,"7":0,"8":2,"9":2},"f":{"0":2,"1":48,"2":2,"3":0},"b":{}}
,"/home/lisboasun/Documents/node_js_pro-1/api-warehouse/src/products/product.entity.ts": {"path":"/home/lisboasun/Documents/node_js_pro-1/api-warehouse/src/products/product.entity.ts","statementMap":{"0":{"start":{"line":12,"column":2},"end":{"line":16,"column":null}},"1":{"start":{"line":13,"column":3},"end":{"line":13,"column":21}},"2":{"start":{"line":15,"column":3},"end":{"line":15,"column":28}},"3":{"start":{"line":17,"column":2},"end":{"line":17,"column":19}},"4":{"start":{"line":20,"column":2},"end":{"line":22,"column":null}},"5":{"start":{"line":20,"column":15},"end":{"line":20,"column":16}},"6":{"start":{"line":21,"column":3},"end":{"line":21,"column":19}},"7":{"start":{"line":25,"column":2},"end":{"line":27,"column":null}},"8":{"start":{"line":26,"column":3},"end":{"line":26,"column":10}},"9":{"start":{"line":28,"column":2},"end":{"line":30,"column":null}},"10":{"start":{"line":28,"column":15},"end":{"line":28,"column":16}},"11":{"start":{"line":29,"column":3},"end":{"line":29,"column":19}},"12":{"start":{"line":33,"column":2},"end":{"line":33,"column":23}},"13":{"start":{"line":7,"column":0},"end":{"line":7,"column":13}}},"fnMap":{"0":{"name":"(anonymous_0)","decl":{"start":{"line":11,"column":1},"end":{"line":11,"column":13}},"loc":{"start":{"line":11,"column":44},"end":{"line":18,"column":2}}},"1":{"name":"(anonymous_1)","decl":{"start":{"line":19,"column":1},"end":{"line":19,"column":9}},"loc":{"start":{"line":19,"column":20},"end":{"line":23,"column":2}}},"2":{"name":"(anonymous_2)","decl":{"start":{"line":24,"column":1},"end":{"line":24,"column":9}},"loc":{"start":{"line":24,"column":20},"end":{"line":31,"column":2}}},"3":{"name":"(anonymous_3)","decl":{"start":{"line":32,"column":1},"end":{"line":32,"column":8}},"loc":{"start":{"line":32,"column":8},"end":{"line":34,"column":2}}}},"branchMap":{"0":{"loc":{"start":{"line":12,"column":2},"end":{"line":16,"column":null}},"type":"if","locations":[{"start":{"line":12,"column":2},"end":{"line":16,"column":null}},{"start":{"line":14,"column":9},"end":{"line":16,"column":null}}]},"1":{"loc":{"start":{"line":19,"column":10},"end":{"line":19,"column":20}},"type":"default-arg","locations":[{"start":{"line":19,"column":19},"end":{"line":19,"column":20}}]},"2":{"loc":{"start":{"line":24,"column":10},"end":{"line":24,"column":20}},"type":"default-arg","locations":[{"start":{"line":24,"column":19},"end":{"line":24,"column":20}}]},"3":{"loc":{"start":{"line":25,"column":2},"end":{"line":27,"column":null}},"type":"if","locations":[{"start":{"line":25,"column":2},"end":{"line":27,"column":null}}]}},"s":{"0":2,"1":0,"2":2,"3":2,"4":0,"5":0,"6":0,"7":0,"8":0,"9":0,"10":0,"11":0,"12":0,"13":2},"f":{"0":2,"1":0,"2":0,"3":0},"b":{"0":[0,2],"1":[0],"2":[0],"3":[0]}}
,"/home/lisboasun/Documents/node_js_pro-1/api-warehouse/src/products/products.controller.ts": {"path":"/home/lisboasun/Documents/node_js_pro-1/api-warehouse/src/products/products.controller.ts","statementMap":{"0":{"start":{"line":1,"column":0},"end":{"line":1,"column":59}},"1":{"start":{"line":3,"column":0},"end":{"line":3,"column":55}},"2":{"start":{"line":4,"column":0},"end":{"line":4,"column":33}},"3":{"start":{"line":6,"column":0},"end":{"line":6,"column":47}},"4":{"start":{"line":7,"column":0},"end":{"line":7,"column":67}},"5":{"start":{"line":9,"column":0},"end":{"line":9,"column":49}},"6":{"start":{"line":10,"column":0},"end":{"line":10,"column":59}},"7":{"start":{"line":11,"column":0},"end":{"line":11,"column":42}},"8":{"start":{"line":14,"column":0},"end":{"line":14,"column":47}},"9":{"start":{"line":15,"column":0},"end":{"line":15,"column":26}},"10":{"start":{"line":19,"column":7},"end":{"line":182,"column":null}},"11":{"start":{"line":28,"column":2},"end":{"line":28,"column":23}},"12":{"start":{"line":24,"column":33},"end":{"line":24,"column":55}},"13":{"start":{"line":25,"column":41},"end":{"line":25,"column":74}},"14":{"start":{"line":26,"column":39},"end":{"line":26,"column":68}},"15":{"start":{"line":29,"column":17},"end":{"line":29,"column":49}},"16":{"start":{"line":30,"column":20},"end":{"line":30,"column":62}},"17":{"start":{"line":31,"column":19},"end":{"line":31,"column":60}},"18":{"start":{"line":32,"column":20},"end":{"line":32,"column":35}},"19":{"start":{"line":33,"column":29},"end":{"line":33,"column":63}},"20":{"start":{"line":34,"column":24},"end":{"line":34,"column":35}},"21":{"start":{"line":36,"column":2},"end":{"line":91,"column":5}},"22":{"start":{"line":99,"column":19},"end":{"line":99,"column":59}},"23":{"start":{"line":100,"column":2},"end":{"line":102,"column":null}},"24":{"start":{"line":101,"column":3},"end":{"line":101,"column":68}},"25":{"start":{"line":103,"column":2},"end":{"line":103,"column":25}},"26":{"start":{"line":111,"column":18},"end":{"line":111,"column":61}},"27":{"start":{"line":112,"column":2},"end":{"line":114,"column":null}},"28":{"start":{"line":113,"column":3},"end":{"line":113,"column":66}},"29":{"start":{"line":115,"column":2},"end":{"line":115,"column":24}},"30":{"start":{"line":122,"column":17},"end":{"line":122,"column":63}},"31":{"start":{"line":123,"column":2},"end":{"line":125,"column":null}},"32":{"start":{"line":124,"column":3},"end":{"line":124,"column":60}},"33":{"start":{"line":126,"column":2},"end":{"line":126,"column":23}},"34":{"start":{"line":133,"column":17},"end":{"line":133,"column":63}},"35":{"start":{"line":134,"column":2},"end":{"line":136,"column":null}},"36":{"start":{"line":135,"column":3},"end":{"line":135,"column":60}},"37":{"start":{"line":137,"column":2},"end":{"line":137,"column":23}},"38":{"start":{"line":144,"column":17},"end":{"line":144,"column":63}},"39":{"start":{"line":145,"column":2},"end":{"line":147,"column":null}},"40":{"start":{"line":146,"column":3},"end":{"line":146,"column":60}},"41":{"start":{"line":148,"column":2},"end":{"line":148,"column":23}},"42":{"start":{"line":155,"column":2},"end":{"line":155,"column":36}},"43":{"start":{"line":162,"column":2},"end":{"line":162,"column":36}},"44":{"start":{"line":169,"column":2},"end":{"line":169,"column":35}},"45":{"start":{"line":176,"column":17},"end":{"line":176,"column":54}},"46":{"start":{"line":177,"column":2},"end":{"line":179,"column":null}},"47":{"start":{"line":178,"column":3},"end":{"line":178,"column":56}},"48":{"start":{"line":180,"column":2},"end":{"line":180,"column":23}},"49":{"start":{"line":19,"column":13},"end":{"line":182,"column":null}},"50":{"start":{"line":19,"column":13},"end":{"line":19,"column":31}}},"fnMap":{"0":{"name":"(anonymous_11)","decl":{"start":{"line":23,"column":1},"end":{"line":23,"column":null}},"loc":{"start":{"line":26,"column":68},"end":{"line":92,"column":2}}},"1":{"name":"(anonymous_12)","decl":{"start":{"line":94,"column":7},"end":{"line":94,"column":18}},"loc":{"start":{"line":97,"column":20},"end":{"line":104,"column":null}}},"2":{"name":"(anonymous_14)","decl":{"start":{"line":106,"column":7},"end":{"line":106,"column":17}},"loc":{"start":{"line":109,"column":20},"end":{"line":116,"column":null}}},"3":{"name":"(anonymous_16)","decl":{"start":{"line":117,"column":7},"end":{"line":117,"column":20}},"loc":{"start":{"line":120,"column":20},"end":{"line":127,"column":null}}},"4":{"name":"(anonymous_18)","decl":{"start":{"line":128,"column":7},"end":{"line":128,"column":20}},"loc":{"start":{"line":131,"column":20},"end":{"line":138,"column":null}}},"5":{"name":"(anonymous_20)","decl":{"start":{"line":139,"column":7},"end":{"line":139,"column":20}},"loc":{"start":{"line":142,"column":20},"end":{"line":149,"column":null}}},"6":{"name":"(anonymous_22)","decl":{"start":{"line":150,"column":7},"end":{"line":150,"column":21}},"loc":{"start":{"line":153,"column":20},"end":{"line":156,"column":null}}},"7":{"name":"(anonymous_24)","decl":{"start":{"line":157,"column":7},"end":{"line":157,"column":21}},"loc":{"start":{"line":160,"column":20},"end":{"line":163,"column":null}}},"8":{"name":"(anonymous_26)","decl":{"start":{"line":164,"column":7},"end":{"line":164,"column":14}},"loc":{"start":{"line":167,"column":20},"end":{"line":170,"column":null}}},"9":{"name":"(anonymous_28)","decl":{"start":{"line":171,"column":7},"end":{"line":171,"column":11}},"loc":{"start":{"line":174,"column":20},"end":{"line":181,"column":null}}}},"branchMap":{"0":{"loc":{"start":{"line":100,"column":2},"end":{"line":102,"column":null}},"type":"if","locations":[{"start":{"line":100,"column":2},"end":{"line":102,"column":null}}]},"1":{"loc":{"start":{"line":112,"column":2},"end":{"line":114,"column":null}},"type":"if","locations":[{"start":{"line":112,"column":2},"end":{"line":114,"column":null}}]},"2":{"loc":{"start":{"line":123,"column":2},"end":{"line":125,"column":null}},"type":"if","locations":[{"start":{"line":123,"column":2},"end":{"line":125,"column":null}}]},"3":{"loc":{"start":{"line":134,"column":2},"end":{"line":136,"column":null}},"type":"if","locations":[{"start":{"line":134,"column":2},"end":{"line":136,"column":null}}]},"4":{"loc":{"start":{"line":145,"column":2},"end":{"line":147,"column":null}},"type":"if","locations":[{"start":{"line":145,"column":2},"end":{"line":147,"column":null}}]},"5":{"loc":{"start":{"line":177,"column":2},"end":{"line":179,"column":null}},"type":"if","locations":[{"start":{"line":177,"column":2},"end":{"line":179,"column":null}}]}},"s":{"0":2,"1":2,"2":2,"3":2,"4":2,"5":2,"6":2,"7":2,"8":2,"9":2,"10":2,"11":2,"12":2,"13":2,"14":2,"15":2,"16":2,"17":2,"18":2,"19":2,"20":2,"21":2,"22":1,"23":1,"24":0,"25":1,"26":1,"27":1,"28":0,"29":1,"30":2,"31":2,"32":0,"33":2,"34":1,"35":1,"36":0,"37":1,"38":2,"39":2,"40":0,"41":2,"42":0,"43":0,"44":0,"45":0,"46":0,"47":0,"48":0,"49":2,"50":2},"f":{"0":2,"1":1,"2":1,"3":2,"4":1,"5":2,"6":0,"7":0,"8":0,"9":0},"b":{"0":[0],"1":[0],"2":[0],"3":[0],"4":[0],"5":[0]}}
,"/home/lisboasun/Documents/node_js_pro-1/api-warehouse/src/products/products.repository.ts": {"path":"/home/lisboasun/Documents/node_js_pro-1/api-warehouse/src/products/products.repository.ts","statementMap":{"0":{"start":{"line":2,"column":0},"end":{"line":2,"column":47}},"1":{"start":{"line":3,"column":0},"end":{"line":3,"column":59}},"2":{"start":{"line":5,"column":0},"end":{"line":5,"column":33}},"3":{"start":{"line":11,"column":7},"end":{"line":95,"column":null}},"4":{"start":{"line":13,"column":33},"end":{"line":13,"column":55}},"5":{"start":{"line":14,"column":39},"end":{"line":14,"column":54}},"6":{"start":{"line":18,"column":2},"end":{"line":18,"column":54}},"7":{"start":{"line":21,"column":22},"end":{"line":21,"column":46}},"8":{"start":{"line":22,"column":2},"end":{"line":24,"column":null}},"9":{"start":{"line":23,"column":3},"end":{"line":23,"column":15}},"10":{"start":{"line":25,"column":2},"end":{"line":25,"column":21}},"11":{"start":{"line":28,"column":29},"end":{"line":28,"column":36}},"12":{"start":{"line":29,"column":17},"end":{"line":34,"column":4}},"13":{"start":{"line":35,"column":2},"end":{"line":37,"column":null}},"14":{"start":{"line":36,"column":3},"end":{"line":36,"column":15}},"15":{"start":{"line":38,"column":2},"end":{"line":38,"column":16}},"16":{"start":{"line":41,"column":29},"end":{"line":41,"column":36}},"17":{"start":{"line":42,"column":18},"end":{"line":42,"column":42}},"18":{"start":{"line":43,"column":2},"end":{"line":45,"column":null}},"19":{"start":{"line":44,"column":3},"end":{"line":44,"column":15}},"20":{"start":{"line":46,"column":2},"end":{"line":48,"column":null}},"21":{"start":{"line":47,"column":3},"end":{"line":47,"column":15}},"22":{"start":{"line":49,"column":17},"end":{"line":49,"column":33}},"23":{"start":{"line":51,"column":2},"end":{"line":58,"column":5}},"24":{"start":{"line":61,"column":18},"end":{"line":61,"column":42}},"25":{"start":{"line":62,"column":2},"end":{"line":64,"column":null}},"26":{"start":{"line":63,"column":3},"end":{"line":63,"column":15}},"27":{"start":{"line":65,"column":25},"end":{"line":69,"column":4}},"28":{"start":{"line":70,"column":2},"end":{"line":70,"column":24}},"29":{"start":{"line":76,"column":17},"end":{"line":80,"column":4}},"30":{"start":{"line":81,"column":2},"end":{"line":83,"column":null}},"31":{"start":{"line":82,"column":3},"end":{"line":82,"column":12}},"32":{"start":{"line":84,"column":2},"end":{"line":84,"column":25}},"33":{"start":{"line":88,"column":17},"end":{"line":92,"column":4}},"34":{"start":{"line":93,"column":2},"end":{"line":93,"column":16}},"35":{"start":{"line":11,"column":13},"end":{"line":95,"column":null}},"36":{"start":{"line":11,"column":13},"end":{"line":11,"column":31}}},"fnMap":{"0":{"name":"(anonymous_11)","decl":{"start":{"line":12,"column":1},"end":{"line":12,"column":null}},"loc":{"start":{"line":14,"column":67},"end":{"line":15,"column":5}}},"1":{"name":"(anonymous_12)","decl":{"start":{"line":17,"column":1},"end":{"line":17,"column":12}},"loc":{"start":{"line":17,"column":12},"end":{"line":19,"column":2}}},"2":{"name":"(anonymous_13)","decl":{"start":{"line":20,"column":7},"end":{"line":20,"column":17}},"loc":{"start":{"line":20,"column":37},"end":{"line":26,"column":null}}},"3":{"name":"(anonymous_15)","decl":{"start":{"line":27,"column":7},"end":{"line":27,"column":20}},"loc":{"start":{"line":27,"column":37},"end":{"line":39,"column":null}}},"4":{"name":"(anonymous_17)","decl":{"start":{"line":40,"column":7},"end":{"line":40,"column":20}},"loc":{"start":{"line":40,"column":40},"end":{"line":59,"column":null}}},"5":{"name":"(anonymous_19)","decl":{"start":{"line":60,"column":7},"end":{"line":60,"column":20}},"loc":{"start":{"line":60,"column":40},"end":{"line":71,"column":null}}},"6":{"name":"(anonymous_21)","decl":{"start":{"line":75,"column":7},"end":{"line":75,"column":14}},"loc":{"start":{"line":75,"column":34},"end":{"line":85,"column":null}}},"7":{"name":"(anonymous_23)","decl":{"start":{"line":87,"column":7},"end":{"line":87,"column":11}},"loc":{"start":{"line":87,"column":32},"end":{"line":94,"column":null}}}},"branchMap":{"0":{"loc":{"start":{"line":22,"column":2},"end":{"line":24,"column":null}},"type":"if","locations":[{"start":{"line":22,"column":2},"end":{"line":24,"column":null}}]},"1":{"loc":{"start":{"line":35,"column":2},"end":{"line":37,"column":null}},"type":"if","locations":[{"start":{"line":35,"column":2},"end":{"line":37,"column":null}}]},"2":{"loc":{"start":{"line":43,"column":2},"end":{"line":45,"column":null}},"type":"if","locations":[{"start":{"line":43,"column":2},"end":{"line":45,"column":null}}]},"3":{"loc":{"start":{"line":46,"column":2},"end":{"line":48,"column":null}},"type":"if","locations":[{"start":{"line":46,"column":2},"end":{"line":48,"column":null}}]},"4":{"loc":{"start":{"line":62,"column":2},"end":{"line":64,"column":null}},"type":"if","locations":[{"start":{"line":62,"column":2},"end":{"line":64,"column":null}}]},"5":{"loc":{"start":{"line":81,"column":2},"end":{"line":83,"column":null}},"type":"if","locations":[{"start":{"line":81,"column":2},"end":{"line":83,"column":null}}]}},"s":{"0":2,"1":2,"2":2,"3":2,"4":2,"5":2,"6":1,"7":1,"8":1,"9":0,"10":1,"11":2,"12":2,"13":2,"14":0,"15":2,"16":1,"17":1,"18":1,"19":0,"20":1,"21":0,"22":1,"23":1,"24":2,"25":2,"26":0,"27":2,"28":2,"29":0,"30":0,"31":0,"32":0,"33":9,"34":9,"35":2,"36":2},"f":{"0":2,"1":1,"2":1,"3":2,"4":1,"5":2,"6":0,"7":9},"b":{"0":[0],"1":[0],"2":[0],"3":[0],"4":[0],"5":[0]}}
,"/home/lisboasun/Documents/node_js_pro-1/api-warehouse/src/products/products.service.ts": {"path":"/home/lisboasun/Documents/node_js_pro-1/api-warehouse/src/products/products.service.ts","statementMap":{"0":{"start":{"line":1,"column":0},"end":{"line":1,"column":47}},"1":{"start":{"line":3,"column":0},"end":{"line":3,"column":33}},"2":{"start":{"line":5,"column":0},"end":{"line":5,"column":43}},"3":{"start":{"line":11,"column":7},"end":{"line":94,"column":null}},"4":{"start":{"line":14,"column":10},"end":{"line":14,"column":39}},"5":{"start":{"line":16,"column":10},"end":{"line":16,"column":49}},"6":{"start":{"line":20,"column":19},"end":{"line":20,"column":62}},"7":{"start":{"line":21,"column":2},"end":{"line":21,"column":18}},"8":{"start":{"line":25,"column":17},"end":{"line":25,"column":66}},"9":{"start":{"line":26,"column":2},"end":{"line":28,"column":null}},"10":{"start":{"line":27,"column":3},"end":{"line":27,"column":15}},"11":{"start":{"line":29,"column":2},"end":{"line":29,"column":16}},"12":{"start":{"line":33,"column":17},"end":{"line":33,"column":41}},"13":{"start":{"line":34,"column":2},"end":{"line":36,"column":null}},"14":{"start":{"line":35,"column":3},"end":{"line":35,"column":16}},"15":{"start":{"line":37,"column":21},"end":{"line":39,"column":33}},"16":{"start":{"line":41,"column":18},"end":{"line":41,"column":61}},"17":{"start":{"line":42,"column":2},"end":{"line":44,"column":null}},"18":{"start":{"line":43,"column":3},"end":{"line":43,"column":15}},"19":{"start":{"line":45,"column":17},"end":{"line":45,"column":72}},"20":{"start":{"line":46,"column":2},"end":{"line":48,"column":null}},"21":{"start":{"line":47,"column":3},"end":{"line":47,"column":15}},"22":{"start":{"line":49,"column":2},"end":{"line":49,"column":16}},"23":{"start":{"line":52,"column":18},"end":{"line":52,"column":61}},"24":{"start":{"line":53,"column":2},"end":{"line":55,"column":null}},"25":{"start":{"line":54,"column":3},"end":{"line":54,"column":15}},"26":{"start":{"line":56,"column":17},"end":{"line":56,"column":69}},"27":{"start":{"line":57,"column":2},"end":{"line":59,"column":null}},"28":{"start":{"line":58,"column":3},"end":{"line":58,"column":15}},"29":{"start":{"line":60,"column":2},"end":{"line":60,"column":16}},"30":{"start":{"line":64,"column":18},"end":{"line":64,"column":61}},"31":{"start":{"line":65,"column":2},"end":{"line":67,"column":null}},"32":{"start":{"line":66,"column":3},"end":{"line":66,"column":15}},"33":{"start":{"line":68,"column":17},"end":{"line":68,"column":69}},"34":{"start":{"line":69,"column":2},"end":{"line":71,"column":null}},"35":{"start":{"line":70,"column":3},"end":{"line":70,"column":15}},"36":{"start":{"line":72,"column":2},"end":{"line":72,"column":16}},"37":{"start":{"line":77,"column":18},"end":{"line":77,"column":61}},"38":{"start":{"line":78,"column":2},"end":{"line":80,"column":null}},"39":{"start":{"line":79,"column":3},"end":{"line":79,"column":15}},"40":{"start":{"line":81,"column":17},"end":{"line":81,"column":63}},"41":{"start":{"line":82,"column":2},"end":{"line":84,"column":null}},"42":{"start":{"line":83,"column":3},"end":{"line":83,"column":15}},"43":{"start":{"line":85,"column":2},"end":{"line":85,"column":16}},"44":{"start":{"line":88,"column":15},"end":{"line":88,"column":58}},"45":{"start":{"line":89,"column":2},"end":{"line":91,"column":null}},"46":{"start":{"line":90,"column":3},"end":{"line":90,"column":15}},"47":{"start":{"line":92,"column":2},"end":{"line":92,"column":14}},"48":{"start":{"line":11,"column":13},"end":{"line":94,"column":null}},"49":{"start":{"line":11,"column":13},"end":{"line":11,"column":28}}},"fnMap":{"0":{"name":"(anonymous_11)","decl":{"start":{"line":12,"column":1},"end":{"line":12,"column":null}},"loc":{"start":{"line":16,"column":49},"end":{"line":17,"column":5}}},"1":{"name":"(anonymous_12)","decl":{"start":{"line":19,"column":7},"end":{"line":19,"column":18}},"loc":{"start":{"line":19,"column":18},"end":{"line":22,"column":null}}},"2":{"name":"(anonymous_14)","decl":{"start":{"line":24,"column":7},"end":{"line":24,"column":17}},"loc":{"start":{"line":24,"column":37},"end":{"line":30,"column":null}}},"3":{"name":"(anonymous_16)","decl":{"start":{"line":32,"column":7},"end":{"line":32,"column":20}},"loc":{"start":{"line":32,"column":40},"end":{"line":50,"column":null}}},"4":{"name":"(anonymous_18)","decl":{"start":{"line":51,"column":7},"end":{"line":51,"column":20}},"loc":{"start":{"line":51,"column":40},"end":{"line":61,"column":null}}},"5":{"name":"(anonymous_20)","decl":{"start":{"line":63,"column":7},"end":{"line":63,"column":20}},"loc":{"start":{"line":63,"column":40},"end":{"line":73,"column":null}}},"6":{"name":"(anonymous_22)","decl":{"start":{"line":76,"column":7},"end":{"line":76,"column":14}},"loc":{"start":{"line":76,"column":34},"end":{"line":86,"column":null}}},"7":{"name":"(anonymous_24)","decl":{"start":{"line":87,"column":7},"end":{"line":87,"column":11}},"loc":{"start":{"line":87,"column":31},"end":{"line":93,"column":null}}}},"branchMap":{"0":{"loc":{"start":{"line":26,"column":2},"end":{"line":28,"column":null}},"type":"if","locations":[{"start":{"line":26,"column":2},"end":{"line":28,"column":null}}]},"1":{"loc":{"start":{"line":34,"column":2},"end":{"line":36,"column":null}},"type":"if","locations":[{"start":{"line":34,"column":2},"end":{"line":36,"column":null}}]},"2":{"loc":{"start":{"line":34,"column":6},"end":{"line":34,"column":32}},"type":"binary-expr","locations":[{"start":{"line":34,"column":6},"end":{"line":34,"column":15}},{"start":{"line":34,"column":19},"end":{"line":34,"column":32}}]},"3":{"loc":{"start":{"line":37,"column":21},"end":{"line":39,"column":33}},"type":"cond-expr","locations":[{"start":{"line":38,"column":5},"end":{"line":38,"column":40}},{"start":{"line":39,"column":5},"end":{"line":39,"column":33}}]},"4":{"loc":{"start":{"line":42,"column":2},"end":{"line":44,"column":null}},"type":"if","locations":[{"start":{"line":42,"column":2},"end":{"line":44,"column":null}}]},"5":{"loc":{"start":{"line":46,"column":2},"end":{"line":48,"column":null}},"type":"if","locations":[{"start":{"line":46,"column":2},"end":{"line":48,"column":null}}]},"6":{"loc":{"start":{"line":53,"column":2},"end":{"line":55,"column":null}},"type":"if","locations":[{"start":{"line":53,"column":2},"end":{"line":55,"column":null}}]},"7":{"loc":{"start":{"line":57,"column":2},"end":{"line":59,"column":null}},"type":"if","locations":[{"start":{"line":57,"column":2},"end":{"line":59,"column":null}}]},"8":{"loc":{"start":{"line":65,"column":2},"end":{"line":67,"column":null}},"type":"if","locations":[{"start":{"line":65,"column":2},"end":{"line":67,"column":null}}]},"9":{"loc":{"start":{"line":69,"column":2},"end":{"line":71,"column":null}},"type":"if","locations":[{"start":{"line":69,"column":2},"end":{"line":71,"column":null}}]},"10":{"loc":{"start":{"line":78,"column":2},"end":{"line":80,"column":null}},"type":"if","locations":[{"start":{"line":78,"column":2},"end":{"line":80,"column":null}}]},"11":{"loc":{"start":{"line":82,"column":2},"end":{"line":84,"column":null}},"type":"if","locations":[{"start":{"line":82,"column":2},"end":{"line":84,"column":null}}]},"12":{"loc":{"start":{"line":89,"column":2},"end":{"line":91,"column":null}},"type":"if","locations":[{"start":{"line":89,"column":2},"end":{"line":91,"column":null}}]}},"s":{"0":2,"1":2,"2":2,"3":2,"4":2,"5":2,"6":1,"7":1,"8":1,"9":1,"10":0,"11":1,"12":2,"13":2,"14":0,"15":2,"16":2,"17":2,"18":0,"19":2,"20":2,"21":0,"22":2,"23":1,"24":1,"25":0,"26":1,"27":1,"28":0,"29":1,"30":2,"31":2,"32":0,"33":2,"34":2,"35":0,"36":2,"37":0,"38":0,"39":0,"40":0,"41":0,"42":0,"43":0,"44":0,"45":0,"46":0,"47":0,"48":2,"49":2},"f":{"0":2,"1":1,"2":1,"3":2,"4":1,"5":2,"6":0,"7":0},"b":{"0":[0],"1":[0],"2":[2,2],"3":[2,0],"4":[0],"5":[0],"6":[0],"7":[0],"8":[0],"9":[0],"10":[0],"11":[0],"12":[0]}}
,"/home/lisboasun/Documents/node_js_pro-1/api-warehouse/src/products/dto/product.dto.ts": {"path":"/home/lisboasun/Documents/node_js_pro-1/api-warehouse/src/products/dto/product.dto.ts","statementMap":{"0":{"start":{"line":1,"column":0},"end":{"line":1,"column":64}},"1":{"start":{"line":4,"column":1},"end":{"line":5,"column":null}},"2":{"start":{"line":7,"column":1},"end":{"line":9,"column":null}},"3":{"start":{"line":3,"column":0},"end":{"line":3,"column":13}}},"fnMap":{},"branchMap":{},"s":{"0":2,"1":2,"2":2,"3":2},"f":{},"b":{}}
,"/home/lisboasun/Documents/node_js_pro-1/api-warehouse/src/roles/roles.ts": {"path":"/home/lisboasun/Documents/node_js_pro-1/api-warehouse/src/roles/roles.ts","statementMap":{"0":{"start":{"line":1,"column":0},"end":{"line":1,"column":null}},"1":{"start":{"line":2,"column":1},"end":{"line":2,"column":null}},"2":{"start":{"line":3,"column":1},"end":{"line":3,"column":null}},"3":{"start":{"line":4,"column":1},"end":{"line":4,"column":null}}},"fnMap":{"0":{"name":"(anonymous_0)","decl":{"start":{"line":1,"column":0},"end":{"line":1,"column":12}},"loc":{"start":{"line":1,"column":20},"end":{"line":5,"column":1}}}},"branchMap":{"0":{"loc":{"start":{"line":1,"column":12},"end":{"line":1,"column":null}},"type":"binary-expr","locations":[{"start":{"line":1,"column":12},"end":{"line":1,"column":20}},{"start":{"line":1,"column":12},"end":{"line":1,"column":null}}]}},"s":{"0":2,"1":2,"2":2,"3":2},"f":{"0":2},"b":{"0":[2,2]}}
,"/home/lisboasun/Documents/node_js_pro-1/api-warehouse/src/users/user.entity.ts": {"path":"/home/lisboasun/Documents/node_js_pro-1/api-warehouse/src/users/user.entity.ts","statementMap":{"0":{"start":{"line":1,"column":0},"end":{"line":1,"column":41}},"1":{"start":{"line":18,"column":2},"end":{"line":18,"column":28}},"2":{"start":{"line":19,"column":2},"end":{"line":19,"column":28}},"3":{"start":{"line":20,"column":2},"end":{"line":20,"column":26}},"4":{"start":{"line":21,"column":2},"end":{"line":21,"column":26}},"5":{"start":{"line":23,"column":2},"end":{"line":25,"column":null}},"6":{"start":{"line":24,"column":3},"end":{"line":24,"column":33}},"7":{"start":{"line":29,"column":2},"end":{"line":29,"column":21}},"8":{"start":{"line":33,"column":2},"end":{"line":33,"column":20}},"9":{"start":{"line":37,"column":2},"end":{"line":37,"column":21}},"10":{"start":{"line":41,"column":2},"end":{"line":41,"column":20}},"11":{"start":{"line":45,"column":2},"end":{"line":45,"column":24}},"12":{"start":{"line":49,"column":2},"end":{"line":49,"column":42}},"13":{"start":{"line":53,"column":2},"end":{"line":53,"column":45}},"14":{"start":{"line":10,"column":0},"end":{"line":10,"column":13}}},"fnMap":{"0":{"name":"(anonymous_7)","decl":{"start":{"line":17,"column":1},"end":{"line":17,"column":13}},"loc":{"start":{"line":17,"column":53},"end":{"line":26,"column":2}}},"1":{"name":"(anonymous_8)","decl":{"start":{"line":28,"column":1},"end":{"line":28,"column":5}},"loc":{"start":{"line":28,"column":10},"end":{"line":30,"column":2}}},"2":{"name":"(anonymous_9)","decl":{"start":{"line":32,"column":1},"end":{"line":32,"column":5}},"loc":{"start":{"line":32,"column":9},"end":{"line":34,"column":2}}},"3":{"name":"(anonymous_10)","decl":{"start":{"line":36,"column":1},"end":{"line":36,"column":12}},"loc":{"start":{"line":36,"column":17},"end":{"line":38,"column":2}}},"4":{"name":"(anonymous_11)","decl":{"start":{"line":40,"column":1},"end":{"line":40,"column":5}},"loc":{"start":{"line":40,"column":9},"end":{"line":42,"column":2}}},"5":{"name":"(anonymous_12)","decl":{"start":{"line":44,"column":1},"end":{"line":44,"column":5}},"loc":{"start":{"line":44,"column":13},"end":{"line":46,"column":2}}},"6":{"name":"(anonymous_13)","decl":{"start":{"line":48,"column":14},"end":{"line":48,"column":25}},"loc":{"start":{"line":48,"column":52},"end":{"line":50,"column":null}}},"7":{"name":"(anonymous_15)","decl":{"start":{"line":52,"column":14},"end":{"line":52,"column":29}},"loc":{"start":{"line":52,"column":42},"end":{"line":54,"column":null}}}},"branchMap":{"0":{"loc":{"start":{"line":23,"column":2},"end":{"line":25,"column":null}},"type":"if","locations":[{"start":{"line":23,"column":2},"end":{"line":25,"column":null}}]}},"s":{"0":2,"1":21,"2":21,"3":21,"4":21,"5":21,"6":19,"7":2,"8":2,"9":2,"10":2,"11":2,"12":2,"13":19,"14":2},"f":{"0":21,"1":2,"2":2,"3":2,"4":2,"5":2,"6":2,"7":19},"b":{"0":[19]}}
,"/home/lisboasun/Documents/node_js_pro-1/api-warehouse/src/users/user.service.ts": {"path":"/home/lisboasun/Documents/node_js_pro-1/api-warehouse/src/users/user.service.ts","statementMap":{"0":{"start":{"line":4,"column":0},"end":{"line":4,"column":56}},"1":{"start":{"line":5,"column":0},"end":{"line":5,"column":47}},"2":{"start":{"line":6,"column":0},"end":{"line":6,"column":26}},"3":{"start":{"line":8,"column":0},"end":{"line":8,"column":33}},"4":{"start":{"line":13,"column":7},"end":{"line":101,"column":null}},"5":{"start":{"line":16,"column":10},"end":{"line":16,"column":39}},"6":{"start":{"line":18,"column":10},"end":{"line":18,"column":43}},"7":{"start":{"line":22,"column":63},"end":{"line":22,"column":66}},"8":{"start":{"line":23,"column":28},"end":{"line":28,"column":4}},"9":{"start":{"line":29,"column":18},"end":{"line":29,"column":38}},"10":{"start":{"line":30,"column":15},"end":{"line":30,"column":45}},"11":{"start":{"line":31,"column":2},"end":{"line":31,"column":52}},"12":{"start":{"line":32,"column":22},"end":{"line":32,"column":67}},"13":{"start":{"line":33,"column":2},"end":{"line":35,"column":null}},"14":{"start":{"line":34,"column":3},"end":{"line":34,"column":15}},"15":{"start":{"line":36,"column":2},"end":{"line":36,"column":46}},"16":{"start":{"line":40,"column":20},"end":{"line":40,"column":65}},"17":{"start":{"line":41,"column":2},"end":{"line":43,"column":null}},"18":{"start":{"line":42,"column":3},"end":{"line":42,"column":16}},"19":{"start":{"line":44,"column":18},"end":{"line":51,"column":null}},"20":{"start":{"line":53,"column":2},"end":{"line":53,"column":43}},"21":{"start":{"line":57,"column":2},"end":{"line":57,"column":49}},"22":{"start":{"line":61,"column":15},"end":{"line":61,"column":60}},"23":{"start":{"line":62,"column":2},"end":{"line":64,"column":null}},"24":{"start":{"line":63,"column":3},"end":{"line":63,"column":15}},"25":{"start":{"line":65,"column":2},"end":{"line":65,"column":19}},"26":{"start":{"line":68,"column":16},"end":{"line":68,"column":56}},"27":{"start":{"line":69,"column":2},"end":{"line":69,"column":15}},"28":{"start":{"line":72,"column":15},"end":{"line":72,"column":58}},"29":{"start":{"line":73,"column":2},"end":{"line":75,"column":null}},"30":{"start":{"line":74,"column":3},"end":{"line":74,"column":15}},"31":{"start":{"line":76,"column":2},"end":{"line":76,"column":14}},"32":{"start":{"line":80,"column":20},"end":{"line":80,"column":24}},"33":{"start":{"line":81,"column":2},"end":{"line":81,"column":52}},"34":{"start":{"line":82,"column":17},"end":{"line":82,"column":60}},"35":{"start":{"line":83,"column":2},"end":{"line":83,"column":50}},"36":{"start":{"line":84,"column":2},"end":{"line":86,"column":null}},"37":{"start":{"line":85,"column":3},"end":{"line":85,"column":15}},"38":{"start":{"line":87,"column":2},"end":{"line":87,"column":16}},"39":{"start":{"line":91,"column":20},"end":{"line":91,"column":65}},"40":{"start":{"line":92,"column":2},"end":{"line":94,"column":null}},"41":{"start":{"line":93,"column":3},"end":{"line":93,"column":16}},"42":{"start":{"line":95,"column":17},"end":{"line":95,"column":68}},"43":{"start":{"line":96,"column":2},"end":{"line":98,"column":null}},"44":{"start":{"line":97,"column":3},"end":{"line":97,"column":16}},"45":{"start":{"line":99,"column":2},"end":{"line":99,"column":14}},"46":{"start":{"line":13,"column":13},"end":{"line":101,"column":null}},"47":{"start":{"line":13,"column":13},"end":{"line":13,"column":25}}},"fnMap":{"0":{"name":"(anonymous_11)","decl":{"start":{"line":14,"column":1},"end":{"line":14,"column":null}},"loc":{"start":{"line":18,"column":43},"end":{"line":19,"column":5}}},"1":{"name":"(anonymous_12)","decl":{"start":{"line":21,"column":7},"end":{"line":21,"column":17}},"loc":{"start":{"line":21,"column":38},"end":{"line":37,"column":null}}},"2":{"name":"(anonymous_14)","decl":{"start":{"line":39,"column":7},"end":{"line":39,"column":19}},"loc":{"start":{"line":39,"column":53},"end":{"line":54,"column":null}}},"3":{"name":"(anonymous_16)","decl":{"start":{"line":56,"column":7},"end":{"line":56,"column":18}},"loc":{"start":{"line":56,"column":32},"end":{"line":58,"column":null}}},"4":{"name":"(anonymous_18)","decl":{"start":{"line":60,"column":7},"end":{"line":60,"column":18}},"loc":{"start":{"line":60,"column":32},"end":{"line":66,"column":null}}},"5":{"name":"(anonymous_20)","decl":{"start":{"line":67,"column":7},"end":{"line":67,"column":15}},"loc":{"start":{"line":67,"column":15},"end":{"line":70,"column":null}}},"6":{"name":"(anonymous_22)","decl":{"start":{"line":71,"column":7},"end":{"line":71,"column":19}},"loc":{"start":{"line":71,"column":30},"end":{"line":77,"column":null}}},"7":{"name":"(anonymous_24)","decl":{"start":{"line":79,"column":7},"end":{"line":79,"column":17}},"loc":{"start":{"line":79,"column":37},"end":{"line":88,"column":null}}},"8":{"name":"(anonymous_26)","decl":{"start":{"line":90,"column":7},"end":{"line":90,"column":24}},"loc":{"start":{"line":90,"column":38},"end":{"line":100,"column":null}}}},"branchMap":{"0":{"loc":{"start":{"line":22,"column":33},"end":{"line":22,"column":43}},"type":"default-arg","locations":[{"start":{"line":22,"column":41},"end":{"line":22,"column":43}}]},"1":{"loc":{"start":{"line":22,"column":45},"end":{"line":22,"column":58}},"type":"default-arg","locations":[{"start":{"line":22,"column":52},"end":{"line":22,"column":58}}]},"2":{"loc":{"start":{"line":33,"column":2},"end":{"line":35,"column":null}},"type":"if","locations":[{"start":{"line":33,"column":2},"end":{"line":35,"column":null}}]},"3":{"loc":{"start":{"line":41,"column":2},"end":{"line":43,"column":null}},"type":"if","locations":[{"start":{"line":41,"column":2},"end":{"line":43,"column":null}}]},"4":{"loc":{"start":{"line":62,"column":2},"end":{"line":64,"column":null}},"type":"if","locations":[{"start":{"line":62,"column":2},"end":{"line":64,"column":null}}]},"5":{"loc":{"start":{"line":73,"column":2},"end":{"line":75,"column":null}},"type":"if","locations":[{"start":{"line":73,"column":2},"end":{"line":75,"column":null}}]},"6":{"loc":{"start":{"line":83,"column":33},"end":{"line":83,"column":46}},"type":"cond-expr","locations":[{"start":{"line":83,"column":39},"end":{"line":83,"column":41}},{"start":{"line":83,"column":33},"end":{"line":83,"column":46}}]},"7":{"loc":{"start":{"line":83,"column":33},"end":{"line":83,"column":41}},"type":"binary-expr","locations":[{"start":{"line":83,"column":33},"end":{"line":83,"column":41}},{"start":{"line":83,"column":33},"end":{"line":83,"column":41}}]},"8":{"loc":{"start":{"line":84,"column":2},"end":{"line":86,"column":null}},"type":"if","locations":[{"start":{"line":84,"column":2},"end":{"line":86,"column":null}}]},"9":{"loc":{"start":{"line":92,"column":2},"end":{"line":94,"column":null}},"type":"if","locations":[{"start":{"line":92,"column":2},"end":{"line":94,"column":null}}]},"10":{"loc":{"start":{"line":96,"column":2},"end":{"line":98,"column":null}},"type":"if","locations":[{"start":{"line":96,"column":2},"end":{"line":98,"column":null}}]}},"s":{"0":2,"1":2,"2":2,"3":2,"4":2,"5":2,"6":2,"7":2,"8":2,"9":2,"10":2,"11":2,"12":2,"13":2,"14":0,"15":2,"16":21,"17":21,"18":2,"19":19,"20":19,"21":6,"22":19,"23":19,"24":0,"25":19,"26":1,"27":1,"28":1,"29":1,"30":0,"31":1,"32":1,"33":1,"34":1,"35":1,"36":1,"37":0,"38":1,"39":2,"40":2,"41":0,"42":2,"43":2,"44":0,"45":2,"46":2,"47":2},"f":{"0":2,"1":2,"2":21,"3":6,"4":19,"5":1,"6":1,"7":1,"8":2},"b":{"0":[0],"1":[0],"2":[0],"3":[2],"4":[0],"5":[0],"6":[0,1],"7":[1,1],"8":[0],"9":[0],"10":[0]}}
,"/home/lisboasun/Documents/node_js_pro-1/api-warehouse/src/users/users.controller.ts": {"path":"/home/lisboasun/Documents/node_js_pro-1/api-warehouse/src/users/users.controller.ts","statementMap":{"0":{"start":{"line":1,"column":0},"end":{"line":1,"column":59}},"1":{"start":{"line":3,"column":0},"end":{"line":3,"column":55}},"2":{"start":{"line":4,"column":0},"end":{"line":4,"column":33}},"3":{"start":{"line":6,"column":0},"end":{"line":6,"column":47}},"4":{"start":{"line":8,"column":0},"end":{"line":8,"column":52}},"5":{"start":{"line":9,"column":0},"end":{"line":9,"column":58}},"6":{"start":{"line":11,"column":0},"end":{"line":11,"column":67}},"7":{"start":{"line":12,"column":0},"end":{"line":12,"column":36}},"8":{"start":{"line":14,"column":0},"end":{"line":14,"column":49}},"9":{"start":{"line":15,"column":0},"end":{"line":15,"column":59}},"10":{"start":{"line":16,"column":0},"end":{"line":16,"column":42}},"11":{"start":{"line":17,"column":0},"end":{"line":17,"column":26}},"12":{"start":{"line":18,"column":0},"end":{"line":18,"column":54}},"13":{"start":{"line":20,"column":7},"end":{"line":293,"column":null}},"14":{"start":{"line":26,"column":2},"end":{"line":26,"column":23}},"15":{"start":{"line":22,"column":33},"end":{"line":22,"column":55}},"16":{"start":{"line":23,"column":37},"end":{"line":23,"column":62}},"17":{"start":{"line":24,"column":39},"end":{"line":24,"column":68}},"18":{"start":{"line":27,"column":17},"end":{"line":27,"column":49}},"19":{"start":{"line":28,"column":20},"end":{"line":28,"column":62}},"20":{"start":{"line":29,"column":19},"end":{"line":29,"column":60}},"21":{"start":{"line":30,"column":20},"end":{"line":30,"column":35}},"22":{"start":{"line":31,"column":20},"end":{"line":31,"column":28}},"23":{"start":{"line":32,"column":2},"end":{"line":109,"column":5}},"24":{"start":{"line":117,"column":16},"end":{"line":117,"column":49}},"25":{"start":{"line":118,"column":2},"end":{"line":120,"column":null}},"26":{"start":{"line":119,"column":3},"end":{"line":119,"column":72}},"27":{"start":{"line":121,"column":20},"end":{"line":124,"column":4}},"28":{"start":{"line":122,"column":33},"end":{"line":122,"column":37}},"29":{"start":{"line":122,"column":28},"end":{"line":122,"column":33}},"30":{"start":{"line":123,"column":3},"end":{"line":123,"column":15}},"31":{"start":{"line":125,"column":2},"end":{"line":125,"column":26}},"32":{"start":{"line":133,"column":13},"end":{"line":133,"column":26}},"33":{"start":{"line":134,"column":2},"end":{"line":136,"column":null}},"34":{"start":{"line":135,"column":3},"end":{"line":135,"column":61}},"35":{"start":{"line":138,"column":15},"end":{"line":138,"column":62}},"36":{"start":{"line":139,"column":2},"end":{"line":139,"column":20}},"37":{"start":{"line":140,"column":2},"end":{"line":142,"column":null}},"38":{"start":{"line":141,"column":3},"end":{"line":141,"column":71}},"39":{"start":{"line":144,"column":34},"end":{"line":144,"column":38}},"40":{"start":{"line":144,"column":29},"end":{"line":144,"column":34}},"41":{"start":{"line":146,"column":2},"end":{"line":146,"column":23}},"42":{"start":{"line":154,"column":2},"end":{"line":154,"column":40}},"43":{"start":{"line":162,"column":16},"end":{"line":162,"column":26}},"44":{"start":{"line":163,"column":22},"end":{"line":163,"column":63}},"45":{"start":{"line":164,"column":2},"end":{"line":168,"column":null}},"46":{"start":{"line":165,"column":3},"end":{"line":167,"column":5}},"47":{"start":{"line":169,"column":18},"end":{"line":169,"column":22}},"48":{"start":{"line":170,"column":2},"end":{"line":170,"column":60}},"49":{"start":{"line":171,"column":22},"end":{"line":171,"column":64}},"50":{"start":{"line":172,"column":2},"end":{"line":174,"column":null}},"51":{"start":{"line":173,"column":3},"end":{"line":173,"column":51}},"52":{"start":{"line":175,"column":2},"end":{"line":175,"column":65}},"53":{"start":{"line":183,"column":16},"end":{"line":183,"column":26}},"54":{"start":{"line":184,"column":2},"end":{"line":186,"column":null}},"55":{"start":{"line":185,"column":3},"end":{"line":185,"column":61}},"56":{"start":{"line":187,"column":22},"end":{"line":187,"column":63}},"57":{"start":{"line":188,"column":2},"end":{"line":192,"column":null}},"58":{"start":{"line":189,"column":3},"end":{"line":191,"column":5}},"59":{"start":{"line":193,"column":22},"end":{"line":193,"column":69}},"60":{"start":{"line":194,"column":2},"end":{"line":196,"column":null}},"61":{"start":{"line":195,"column":3},"end":{"line":195,"column":44}},"62":{"start":{"line":197,"column":2},"end":{"line":197,"column":32}},"63":{"start":{"line":205,"column":2},"end":{"line":205,"column":45}},"64":{"start":{"line":213,"column":2},"end":{"line":213,"column":48}},"65":{"start":{"line":221,"column":2},"end":{"line":221,"column":49}},"66":{"start":{"line":229,"column":17},"end":{"line":229,"column":62}},"67":{"start":{"line":230,"column":2},"end":{"line":240,"column":null}},"68":{"start":{"line":231,"column":3},"end":{"line":231,"column":62}},"69":{"start":{"line":233,"column":16},"end":{"line":233,"column":74}},"70":{"start":{"line":234,"column":15},"end":{"line":237,"column":null}},"71":{"start":{"line":239,"column":3},"end":{"line":239,"column":25}},"72":{"start":{"line":248,"column":17},"end":{"line":248,"column":56}},"73":{"start":{"line":249,"column":2},"end":{"line":253,"column":null}},"74":{"start":{"line":250,"column":3},"end":{"line":252,"column":5}},"75":{"start":{"line":254,"column":2},"end":{"line":254,"column":55}},"76":{"start":{"line":262,"column":2},"end":{"line":279,"column":5}},"77":{"start":{"line":263,"column":3},"end":{"line":278,"column":5}},"78":{"start":{"line":272,"column":5},"end":{"line":276,"column":null}},"79":{"start":{"line":273,"column":6},"end":{"line":273,"column":18}},"80":{"start":{"line":275,"column":6},"end":{"line":275,"column":21}},"81":{"start":{"line":287,"column":19},"end":{"line":287,"column":59}},"82":{"start":{"line":288,"column":2},"end":{"line":290,"column":null}},"83":{"start":{"line":289,"column":3},"end":{"line":289,"column":71}},"84":{"start":{"line":291,"column":2},"end":{"line":291,"column":61}},"85":{"start":{"line":20,"column":13},"end":{"line":293,"column":null}},"86":{"start":{"line":20,"column":13},"end":{"line":20,"column":27}}},"fnMap":{"0":{"name":"(anonymous_12)","decl":{"start":{"line":21,"column":1},"end":{"line":21,"column":null}},"loc":{"start":{"line":24,"column":68},"end":{"line":110,"column":2}}},"1":{"name":"(anonymous_13)","decl":{"start":{"line":112,"column":7},"end":{"line":112,"column":15}},"loc":{"start":{"line":115,"column":20},"end":{"line":126,"column":null}}},"2":{"name":"(anonymous_15)","decl":{"start":{"line":121,"column":31},"end":{"line":121,"column":32}},"loc":{"start":{"line":121,"column":40},"end":{"line":124,"column":3}}},"3":{"name":"(anonymous_16)","decl":{"start":{"line":128,"column":7},"end":{"line":128,"column":18}},"loc":{"start":{"line":131,"column":20},"end":{"line":147,"column":null}}},"4":{"name":"(anonymous_18)","decl":{"start":{"line":149,"column":7},"end":{"line":149,"column":17}},"loc":{"start":{"line":152,"column":20},"end":{"line":155,"column":null}}},"5":{"name":"(anonymous_20)","decl":{"start":{"line":157,"column":7},"end":{"line":157,"column":17}},"loc":{"start":{"line":160,"column":20},"end":{"line":176,"column":null}}},"6":{"name":"(anonymous_22)","decl":{"start":{"line":178,"column":7},"end":{"line":178,"column":24}},"loc":{"start":{"line":181,"column":20},"end":{"line":198,"column":null}}},"7":{"name":"(anonymous_24)","decl":{"start":{"line":200,"column":7},"end":{"line":200,"column":23}},"loc":{"start":{"line":203,"column":20},"end":{"line":206,"column":null}}},"8":{"name":"(anonymous_26)","decl":{"start":{"line":208,"column":7},"end":{"line":208,"column":24}},"loc":{"start":{"line":211,"column":20},"end":{"line":214,"column":null}}},"9":{"name":"(anonymous_28)","decl":{"start":{"line":216,"column":7},"end":{"line":216,"column":27}},"loc":{"start":{"line":219,"column":20},"end":{"line":222,"column":null}}},"10":{"name":"(anonymous_30)","decl":{"start":{"line":224,"column":7},"end":{"line":224,"column":12}},"loc":{"start":{"line":227,"column":20},"end":{"line":241,"column":null}}},"11":{"name":"(anonymous_32)","decl":{"start":{"line":243,"column":7},"end":{"line":243,"column":15}},"loc":{"start":{"line":246,"column":20},"end":{"line":255,"column":null}}},"12":{"name":"(anonymous_34)","decl":{"start":{"line":257,"column":9},"end":{"line":257,"column":16}},"loc":{"start":{"line":260,"column":14},"end":{"line":280,"column":2}}},"13":{"name":"(anonymous_35)","decl":{"start":{"line":262,"column":29},"end":{"line":262,"column":30}},"loc":{"start":{"line":262,"column":49},"end":{"line":279,"column":3}}},"14":{"name":"(anonymous_36)","decl":{"start":{"line":271,"column":4},"end":{"line":271,"column":5}},"loc":{"start":{"line":271,"column":19},"end":{"line":277,"column":5}}},"15":{"name":"(anonymous_37)","decl":{"start":{"line":282,"column":7},"end":{"line":282,"column":11}},"loc":{"start":{"line":285,"column":20},"end":{"line":292,"column":null}}}},"branchMap":{"0":{"loc":{"start":{"line":118,"column":2},"end":{"line":120,"column":null}},"type":"if","locations":[{"start":{"line":118,"column":2},"end":{"line":120,"column":null}}]},"1":{"loc":{"start":{"line":121,"column":20},"end":{"line":124,"column":4}},"type":"cond-expr","locations":[{"start":{"line":121,"column":25},"end":{"line":121,"column":27}},{"start":{"line":121,"column":20},"end":{"line":124,"column":4}}]},"2":{"loc":{"start":{"line":121,"column":20},"end":{"line":121,"column":27}},"type":"binary-expr","locations":[{"start":{"line":121,"column":20},"end":{"line":121,"column":27}},{"start":{"line":121,"column":20},"end":{"line":121,"column":27}}]},"3":{"loc":{"start":{"line":134,"column":2},"end":{"line":136,"column":null}},"type":"if","locations":[{"start":{"line":134,"column":2},"end":{"line":136,"column":null}}]},"4":{"loc":{"start":{"line":140,"column":2},"end":{"line":142,"column":null}},"type":"if","locations":[{"start":{"line":140,"column":2},"end":{"line":142,"column":null}}]},"5":{"loc":{"start":{"line":164,"column":2},"end":{"line":168,"column":null}},"type":"if","locations":[{"start":{"line":164,"column":2},"end":{"line":168,"column":null}}]},"6":{"loc":{"start":{"line":172,"column":2},"end":{"line":174,"column":null}},"type":"if","locations":[{"start":{"line":172,"column":2},"end":{"line":174,"column":null}}]},"7":{"loc":{"start":{"line":184,"column":2},"end":{"line":186,"column":null}},"type":"if","locations":[{"start":{"line":184,"column":2},"end":{"line":186,"column":null}}]},"8":{"loc":{"start":{"line":188,"column":2},"end":{"line":192,"column":null}},"type":"if","locations":[{"start":{"line":188,"column":2},"end":{"line":192,"column":null}}]},"9":{"loc":{"start":{"line":194,"column":2},"end":{"line":196,"column":null}},"type":"if","locations":[{"start":{"line":194,"column":2},"end":{"line":196,"column":null}}]},"10":{"loc":{"start":{"line":230,"column":2},"end":{"line":240,"column":null}},"type":"if","locations":[{"start":{"line":230,"column":2},"end":{"line":240,"column":null}},{"start":{"line":232,"column":9},"end":{"line":240,"column":null}}]},"11":{"loc":{"start":{"line":233,"column":16},"end":{"line":233,"column":74}},"type":"binary-expr","locations":[{"start":{"line":233,"column":17},"end":{"line":233,"column":67}},{"start":{"line":233,"column":72},"end":{"line":233,"column":74}}]},"12":{"loc":{"start":{"line":249,"column":2},"end":{"line":253,"column":null}},"type":"if","locations":[{"start":{"line":249,"column":2},"end":{"line":253,"column":null}}]},"13":{"loc":{"start":{"line":272,"column":5},"end":{"line":276,"column":null}},"type":"if","locations":[{"start":{"line":272,"column":5},"end":{"line":276,"column":null}},{"start":{"line":274,"column":12},"end":{"line":276,"column":null}}]},"14":{"loc":{"start":{"line":272,"column":9},"end":{"line":272,"column":22}},"type":"binary-expr","locations":[{"start":{"line":272,"column":9},"end":{"line":272,"column":15}},{"start":{"line":272,"column":19},"end":{"line":272,"column":22}}]},"15":{"loc":{"start":{"line":288,"column":2},"end":{"line":290,"column":null}},"type":"if","locations":[{"start":{"line":288,"column":2},"end":{"line":290,"column":null}}]},"16":{"loc":{"start":{"line":291,"column":24},"end":{"line":291,"column":39}},"type":"cond-expr","locations":[{"start":{"line":291,"column":32},"end":{"line":291,"column":34}},{"start":{"line":291,"column":24},"end":{"line":291,"column":39}}]},"17":{"loc":{"start":{"line":291,"column":24},"end":{"line":291,"column":34}},"type":"binary-expr","locations":[{"start":{"line":291,"column":24},"end":{"line":291,"column":34}},{"start":{"line":291,"column":24},"end":{"line":291,"column":34}}]},"18":{"loc":{"start":{"line":291,"column":45},"end":{"line":291,"column":57}},"type":"cond-expr","locations":[{"start":{"line":291,"column":53},"end":{"line":291,"column":55}},{"start":{"line":291,"column":45},"end":{"line":291,"column":57}}]},"19":{"loc":{"start":{"line":291,"column":45},"end":{"line":291,"column":55}},"type":"binary-expr","locations":[{"start":{"line":291,"column":45},"end":{"line":291,"column":55}},{"start":{"line":291,"column":45},"end":{"line":291,"column":55}}]}},"s":{"0":2,"1":2,"2":2,"3":2,"4":2,"5":2,"6":2,"7":2,"8":2,"9":2,"10":2,"11":2,"12":2,"13":2,"14":2,"15":2,"16":2,"17":2,"18":2,"19":2,"20":2,"21":2,"22":2,"23":2,"24":1,"25":1,"26":0,"27":1,"28":6,"29":6,"30":6,"31":1,"32":1,"33":1,"34":0,"35":1,"36":1,"37":1,"38":0,"39":1,"40":1,"41":1,"42":0,"43":1,"44":1,"45":1,"46":0,"47":1,"48":1,"49":1,"50":1,"51":0,"52":1,"53":2,"54":2,"55":0,"56":2,"57":2,"58":0,"59":2,"60":2,"61":0,"62":2,"63":1,"64":1,"65":1,"66":21,"67":21,"68":2,"69":19,"70":19,"71":19,"72":2,"73":2,"74":0,"75":2,"76":19,"77":19,"78":19,"79":0,"80":19,"81":3,"82":3,"83":0,"84":3,"85":2,"86":2},"f":{"0":2,"1":1,"2":6,"3":1,"4":0,"5":1,"6":2,"7":1,"8":1,"9":1,"10":21,"11":2,"12":19,"13":19,"14":19,"15":3},"b":{"0":[0],"1":[0,1],"2":[1,1],"3":[0],"4":[0],"5":[0],"6":[0],"7":[0],"8":[0],"9":[0],"10":[2,19],"11":[19,0],"12":[0],"13":[0,19],"14":[19,19],"15":[0],"16":[0,3],"17":[3,3],"18":[0,3],"19":[3,3]}}
,"/home/lisboasun/Documents/node_js_pro-1/api-warehouse/src/users/users.repository.ts": {"path":"/home/lisboasun/Documents/node_js_pro-1/api-warehouse/src/users/users.repository.ts","statementMap":{"0":{"start":{"line":2,"column":0},"end":{"line":2,"column":47}},"1":{"start":{"line":3,"column":0},"end":{"line":3,"column":59}},"2":{"start":{"line":5,"column":0},"end":{"line":5,"column":33}},"3":{"start":{"line":8,"column":0},"end":{"line":8,"column":26}},"4":{"start":{"line":11,"column":7},"end":{"line":94,"column":null}},"5":{"start":{"line":13,"column":33},"end":{"line":13,"column":55}},"6":{"start":{"line":14,"column":39},"end":{"line":14,"column":54}},"7":{"start":{"line":18,"column":49},"end":{"line":18,"column":53}},"8":{"start":{"line":19,"column":17},"end":{"line":28,"column":4}},"9":{"start":{"line":29,"column":2},"end":{"line":29,"column":16}},"10":{"start":{"line":33,"column":2},"end":{"line":37,"column":5}},"11":{"start":{"line":41,"column":17},"end":{"line":45,"column":4}},"12":{"start":{"line":46,"column":2},"end":{"line":46,"column":16}},"13":{"start":{"line":50,"column":2},"end":{"line":50,"column":51}},"14":{"start":{"line":54,"column":2},"end":{"line":58,"column":5}},"15":{"start":{"line":62,"column":39},"end":{"line":62,"column":43}},"16":{"start":{"line":63,"column":20},"end":{"line":63,"column":49}},"17":{"start":{"line":64,"column":2},"end":{"line":66,"column":null}},"18":{"start":{"line":65,"column":3},"end":{"line":65,"column":15}},"19":{"start":{"line":67,"column":2},"end":{"line":69,"column":null}},"20":{"start":{"line":68,"column":3},"end":{"line":68,"column":15}},"21":{"start":{"line":70,"column":2},"end":{"line":79,"column":5}},"22":{"start":{"line":83,"column":20},"end":{"line":83,"column":49}},"23":{"start":{"line":84,"column":2},"end":{"line":86,"column":null}},"24":{"start":{"line":85,"column":3},"end":{"line":85,"column":15}},"25":{"start":{"line":87,"column":21},"end":{"line":91,"column":4}},"26":{"start":{"line":92,"column":2},"end":{"line":92,"column":20}},"27":{"start":{"line":11,"column":13},"end":{"line":94,"column":null}},"28":{"start":{"line":11,"column":13},"end":{"line":11,"column":28}}},"fnMap":{"0":{"name":"(anonymous_11)","decl":{"start":{"line":12,"column":1},"end":{"line":12,"column":null}},"loc":{"start":{"line":14,"column":67},"end":{"line":15,"column":5}}},"1":{"name":"(anonymous_12)","decl":{"start":{"line":17,"column":7},"end":{"line":17,"column":13}},"loc":{"start":{"line":17,"column":30},"end":{"line":30,"column":null}}},"2":{"name":"(anonymous_14)","decl":{"start":{"line":32,"column":7},"end":{"line":32,"column":18}},"loc":{"start":{"line":32,"column":32},"end":{"line":38,"column":null}}},"3":{"name":"(anonymous_16)","decl":{"start":{"line":40,"column":1},"end":{"line":40,"column":12}},"loc":{"start":{"line":40,"column":26},"end":{"line":47,"column":2}}},"4":{"name":"(anonymous_17)","decl":{"start":{"line":49,"column":1},"end":{"line":49,"column":12}},"loc":{"start":{"line":49,"column":12},"end":{"line":51,"column":2}}},"5":{"name":"(anonymous_18)","decl":{"start":{"line":53,"column":1},"end":{"line":53,"column":13}},"loc":{"start":{"line":53,"column":24},"end":{"line":59,"column":2}}},"6":{"name":"(anonymous_19)","decl":{"start":{"line":61,"column":7},"end":{"line":61,"column":17}},"loc":{"start":{"line":61,"column":37},"end":{"line":80,"column":null}}},"7":{"name":"(anonymous_21)","decl":{"start":{"line":82,"column":7},"end":{"line":82,"column":24}},"loc":{"start":{"line":82,"column":38},"end":{"line":93,"column":null}}}},"branchMap":{"0":{"loc":{"start":{"line":64,"column":2},"end":{"line":66,"column":null}},"type":"if","locations":[{"start":{"line":64,"column":2},"end":{"line":66,"column":null}}]},"1":{"loc":{"start":{"line":67,"column":2},"end":{"line":69,"column":null}},"type":"if","locations":[{"start":{"line":67,"column":2},"end":{"line":69,"column":null}}]},"2":{"loc":{"start":{"line":84,"column":2},"end":{"line":86,"column":null}},"type":"if","locations":[{"start":{"line":84,"column":2},"end":{"line":86,"column":null}}]}},"s":{"0":2,"1":2,"2":2,"3":2,"4":2,"5":2,"6":2,"7":2,"8":2,"9":2,"10":53,"11":0,"12":0,"13":1,"14":1,"15":1,"16":1,"17":1,"18":0,"19":1,"20":0,"21":1,"22":2,"23":2,"24":0,"25":2,"26":2,"27":2,"28":2},"f":{"0":2,"1":2,"2":53,"3":0,"4":1,"5":1,"6":1,"7":2},"b":{"0":[0],"1":[0],"2":[0]}}
,"/home/lisboasun/Documents/node_js_pro-1/api-warehouse/src/users/dto/user-login.dto.ts": {"path":"/home/lisboasun/Documents/node_js_pro-1/api-warehouse/src/users/dto/user-login.dto.ts","statementMap":{"0":{"start":{"line":1,"column":0},"end":{"line":1,"column":52}},"1":{"start":{"line":3,"column":1},"end":{"line":4,"column":null}},"2":{"start":{"line":6,"column":1},"end":{"line":7,"column":null}},"3":{"start":{"line":2,"column":0},"end":{"line":2,"column":13}}},"fnMap":{},"branchMap":{},"s":{"0":2,"1":2,"2":2,"3":2},"f":{},"b":{}}
,"/home/lisboasun/Documents/node_js_pro-1/api-warehouse/src/users/dto/user-register.dto.ts": {"path":"/home/lisboasun/Documents/node_js_pro-1/api-warehouse/src/users/dto/user-register.dto.ts","statementMap":{"0":{"start":{"line":1,"column":0},"end":{"line":1,"column":52}},"1":{"start":{"line":3,"column":1},"end":{"line":4,"column":null}},"2":{"start":{"line":5,"column":1},"end":{"line":6,"column":null}},"3":{"start":{"line":7,"column":1},"end":{"line":8,"column":null}},"4":{"start":{"line":9,"column":1},"end":{"line":10,"column":null}},"5":{"start":{"line":11,"column":1},"end":{"line":12,"column":null}},"6":{"start":{"line":13,"column":1},"end":{"line":14,"column":null}},"7":{"start":{"line":2,"column":0},"end":{"line":2,"column":13}}},"fnMap":{},"branchMap":{},"s":{"0":2,"1":2,"2":2,"3":2,"4":2,"5":2,"6":2,"7":2},"f":{},"b":{}}
,"/home/lisboasun/Documents/node_js_pro-1/api-warehouse/src/users/dto/user-update.dto.ts": {"path":"/home/lisboasun/Documents/node_js_pro-1/api-warehouse/src/users/dto/user-update.dto.ts","statementMap":{"0":{"start":{"line":1,"column":0},"end":{"line":1,"column":52}},"1":{"start":{"line":3,"column":1},"end":{"line":4,"column":null}},"2":{"start":{"line":5,"column":1},"end":{"line":6,"column":null}},"3":{"start":{"line":7,"column":1},"end":{"line":8,"column":null}},"4":{"start":{"line":9,"column":1},"end":{"line":10,"column":null}},"5":{"start":{"line":11,"column":1},"end":{"line":12,"column":null}},"6":{"start":{"line":2,"column":0},"end":{"line":2,"column":13}}},"fnMap":{},"branchMap":{},"s":{"0":2,"1":2,"2":2,"3":2,"4":2,"5":2,"6":2},"f":{},"b":{}}
}
