{"/home/lisboasun/Documents/node_js_pro-1/api-warehouse/src/app.ts": {"path":"/home/lisboasun/Documents/node_js_pro-1/api-warehouse/src/app.ts","statementMap":{"0":{"start":{"line":1,"column":0},"end":{"line":1,"column":35}},"1":{"start":{"line":2,"column":0},"end":{"line":2,"column":43}},"2":{"start":{"line":4,"column":0},"end":{"line":4,"column":47}},"3":{"start":{"line":9,"column":0},"end":{"line":9,"column":32}},"4":{"start":{"line":10,"column":0},"end":{"line":10,"column":58}},"5":{"start":{"line":11,"column":0},"end":{"line":11,"column":26}},"6":{"start":{"line":12,"column":0},"end":{"line":12,"column":58}},"7":{"start":{"line":13,"column":0},"end":{"line":13,"column":58}},"8":{"start":{"line":15,"column":13},"end":{"line":15,"column":43}},"9":{"start":{"line":17,"column":7},"end":{"line":63,"column":null}},"10":{"start":{"line":23,"column":33},"end":{"line":23,"column":48}},"11":{"start":{"line":25,"column":10},"end":{"line":25,"column":26}},"12":{"start":{"line":27,"column":10},"end":{"line":27,"column":43}},"13":{"start":{"line":29,"column":10},"end":{"line":29,"column":39}},"14":{"start":{"line":30,"column":39},"end":{"line":30,"column":54}},"15":{"start":{"line":32,"column":2},"end":{"line":32,"column":23}},"16":{"start":{"line":33,"column":2},"end":{"line":33,"column":53}},"17":{"start":{"line":37,"column":2},"end":{"line":37,"column":23}},"18":{"start":{"line":38,"column":17},"end":{"line":38,"column":49}},"19":{"start":{"line":39,"column":25},"end":{"line":39,"column":51}},"20":{"start":{"line":40,"column":2},"end":{"line":40,"column":60}},"21":{"start":{"line":44,"column":2},"end":{"line":44,"column":63}},"22":{"start":{"line":48,"column":2},"end":{"line":48,"column":70}},"23":{"start":{"line":52,"column":2},"end":{"line":52,"column":23}},"24":{"start":{"line":53,"column":2},"end":{"line":53,"column":19}},"25":{"start":{"line":54,"column":2},"end":{"line":54,"column":29}},"26":{"start":{"line":55,"column":2},"end":{"line":55,"column":37}},"27":{"start":{"line":56,"column":2},"end":{"line":56,"column":43}},"28":{"start":{"line":57,"column":2},"end":{"line":57,"column":65}},"29":{"start":{"line":61,"column":2},"end":{"line":61,"column":22}},"30":{"start":{"line":17,"column":13},"end":{"line":63,"column":null}},"31":{"start":{"line":17,"column":13},"end":{"line":17,"column":16}}},"fnMap":{"0":{"name":"(anonymous_12)","decl":{"start":{"line":22,"column":1},"end":{"line":22,"column":null}},"loc":{"start":{"line":30,"column":67},"end":{"line":34,"column":2}}},"1":{"name":"(anonymous_13)","decl":{"start":{"line":36,"column":1},"end":{"line":36,"column":14}},"loc":{"start":{"line":36,"column":14},"end":{"line":41,"column":2}}},"2":{"name":"(anonymous_14)","decl":{"start":{"line":43,"column":1},"end":{"line":43,"column":10}},"loc":{"start":{"line":43,"column":10},"end":{"line":45,"column":2}}},"3":{"name":"(anonymous_15)","decl":{"start":{"line":47,"column":1},"end":{"line":47,"column":20}},"loc":{"start":{"line":47,"column":20},"end":{"line":49,"column":2}}},"4":{"name":"(anonymous_16)","decl":{"start":{"line":51,"column":14},"end":{"line":51,"column":18}},"loc":{"start":{"line":51,"column":18},"end":{"line":58,"column":null}}},"5":{"name":"(anonymous_18)","decl":{"start":{"line":60,"column":8},"end":{"line":60,"column":13}},"loc":{"start":{"line":60,"column":13},"end":{"line":62,"column":2}}}},"branchMap":{},"s":{"0":1,"1":1,"2":1,"3":1,"4":1,"5":1,"6":1,"7":1,"8":1,"9":1,"10":1,"11":1,"12":1,"13":1,"14":1,"15":1,"16":1,"17":1,"18":1,"19":1,"20":1,"21":1,"22":1,"23":1,"24":1,"25":1,"26":1,"27":1,"28":1,"29":1,"30":1,"31":1},"f":{"0":1,"1":1,"2":1,"3":1,"4":1,"5":1},"b":{}}
,"/home/lisboasun/Documents/node_js_pro-1/api-warehouse/src/main.ts": {"path":"/home/lisboasun/Documents/node_js_pro-1/api-warehouse/src/main.ts","statementMap":{"0":{"start":{"line":1,"column":0},"end":{"line":1,"column":67}},"1":{"start":{"line":2,"column":0},"end":{"line":2,"column":28}},"2":{"start":{"line":3,"column":0},"end":{"line":3,"column":60}},"3":{"start":{"line":5,"column":0},"end":{"line":5,"column":32}},"4":{"start":{"line":6,"column":0},"end":{"line":6,"column":58}},"5":{"start":{"line":8,"column":0},"end":{"line":8,"column":48}},"6":{"start":{"line":11,"column":0},"end":{"line":11,"column":52}},"7":{"start":{"line":13,"column":0},"end":{"line":13,"column":56}},"8":{"start":{"line":14,"column":0},"end":{"line":14,"column":58}},"9":{"start":{"line":16,"column":0},"end":{"line":16,"column":59}},"10":{"start":{"line":18,"column":13},"end":{"line":35,"column":3}},"11":{"start":{"line":19,"column":1},"end":{"line":19,"column":67}},"12":{"start":{"line":20,"column":1},"end":{"line":22,"column":22}},"13":{"start":{"line":23,"column":1},"end":{"line":25,"column":22}},"14":{"start":{"line":26,"column":1},"end":{"line":26,"column":75}},"15":{"start":{"line":27,"column":1},"end":{"line":29,"column":22}},"16":{"start":{"line":30,"column":1},"end":{"line":30,"column":79}},"17":{"start":{"line":31,"column":1},"end":{"line":33,"column":22}},"18":{"start":{"line":34,"column":1},"end":{"line":34,"column":57}},"19":{"start":{"line":43,"column":22},"end":{"line":43,"column":37}},"20":{"start":{"line":44,"column":1},"end":{"line":44,"column":32}},"21":{"start":{"line":45,"column":13},"end":{"line":45,"column":53}},"22":{"start":{"line":46,"column":1},"end":{"line":46,"column":18}},"23":{"start":{"line":47,"column":1},"end":{"line":47,"column":30}},"24":{"start":{"line":50,"column":13},"end":{"line":50,"column":32}}},"fnMap":{"0":{"name":"(anonymous_7)","decl":{"start":{"line":18,"column":47},"end":{"line":18,"column":48}},"loc":{"start":{"line":18,"column":73},"end":{"line":35,"column":1}}},"1":{"name":"bootstrap","decl":{"start":{"line":42,"column":15},"end":{"line":42,"column":24}},"loc":{"start":{"line":42,"column":24},"end":{"line":48,"column":null}}}},"branchMap":{},"s":{"0":1,"1":1,"2":1,"3":1,"4":1,"5":1,"6":1,"7":1,"8":1,"9":1,"10":1,"11":1,"12":1,"13":1,"14":1,"15":1,"16":1,"17":1,"18":1,"19":1,"20":1,"21":1,"22":1,"23":1,"24":1},"f":{"0":1,"1":1},"b":{}}
,"/home/lisboasun/Documents/node_js_pro-1/api-warehouse/src/types.ts": {"path":"/home/lisboasun/Documents/node_js_pro-1/api-warehouse/src/types.ts","statementMap":{"0":{"start":{"line":1,"column":13},"end":{"line":10,"column":2}}},"fnMap":{},"branchMap":{},"s":{"0":1},"f":{},"b":{}}
,"/home/lisboasun/Documents/node_js_pro-1/api-warehouse/src/common/auth.guard.ts": {"path":"/home/lisboasun/Documents/node_js_pro-1/api-warehouse/src/common/auth.guard.ts","statementMap":{"0":{"start":{"line":5,"column":2},"end":{"line":7,"column":null}},"1":{"start":{"line":6,"column":3},"end":{"line":6,"column":17}},"2":{"start":{"line":8,"column":2},"end":{"line":8,"column":55}},"3":{"start":{"line":3,"column":0},"end":{"line":3,"column":13}}},"fnMap":{"0":{"name":"(anonymous_0)","decl":{"start":{"line":4,"column":1},"end":{"line":4,"column":8}},"loc":{"start":{"line":4,"column":56},"end":{"line":9,"column":2}}}},"branchMap":{"0":{"loc":{"start":{"line":5,"column":2},"end":{"line":7,"column":null}},"type":"if","locations":[{"start":{"line":5,"column":2},"end":{"line":7,"column":null}}]}},"s":{"0":2,"1":1,"2":1,"3":1},"f":{"0":2},"b":{"0":[1]}}
,"/home/lisboasun/Documents/node_js_pro-1/api-warehouse/src/common/auth.middleware.ts": {"path":"/home/lisboasun/Documents/node_js_pro-1/api-warehouse/src/common/auth.middleware.ts","statementMap":{"0":{"start":{"line":2,"column":0},"end":{"line":2,"column":38}},"1":{"start":{"line":6,"column":21},"end":{"line":6,"column":35}},"2":{"start":{"line":9,"column":2},"end":{"line":22,"column":null}},"3":{"start":{"line":10,"column":17},"end":{"line":10,"column":56}},"4":{"start":{"line":11,"column":3},"end":{"line":19,"column":6}},"5":{"start":{"line":12,"column":4},"end":{"line":18,"column":null}},"6":{"start":{"line":13,"column":5},"end":{"line":13,"column":12}},"7":{"start":{"line":14,"column":11},"end":{"line":18,"column":null}},"8":{"start":{"line":15,"column":5},"end":{"line":15,"column":30}},"9":{"start":{"line":16,"column":5},"end":{"line":16,"column":31}},"10":{"start":{"line":17,"column":5},"end":{"line":17,"column":12}},"11":{"start":{"line":21,"column":3},"end":{"line":21,"column":10}},"12":{"start":{"line":5,"column":0},"end":{"line":5,"column":13}}},"fnMap":{"0":{"name":"(anonymous_0)","decl":{"start":{"line":6,"column":1},"end":{"line":6,"column":21}},"loc":{"start":{"line":6,"column":35},"end":{"line":6,"column":39}}},"1":{"name":"(anonymous_1)","decl":{"start":{"line":8,"column":1},"end":{"line":8,"column":8}},"loc":{"start":{"line":8,"column":56},"end":{"line":23,"column":2}}},"2":{"name":"(anonymous_2)","decl":{"start":{"line":11,"column":30},"end":{"line":11,"column":31}},"loc":{"start":{"line":11,"column":47},"end":{"line":19,"column":4}}}},"branchMap":{"0":{"loc":{"start":{"line":9,"column":2},"end":{"line":22,"column":null}},"type":"if","locations":[{"start":{"line":9,"column":2},"end":{"line":22,"column":null}},{"start":{"line":20,"column":9},"end":{"line":22,"column":null}}]},"1":{"loc":{"start":{"line":12,"column":4},"end":{"line":18,"column":null}},"type":"if","locations":[{"start":{"line":12,"column":4},"end":{"line":18,"column":null}},{"start":{"line":14,"column":11},"end":{"line":18,"column":null}}]},"2":{"loc":{"start":{"line":14,"column":11},"end":{"line":18,"column":null}},"type":"if","locations":[{"start":{"line":14,"column":11},"end":{"line":18,"column":null}}]},"3":{"loc":{"start":{"line":14,"column":15},"end":{"line":14,"column":53}},"type":"binary-expr","locations":[{"start":{"line":14,"column":15},"end":{"line":14,"column":22}},{"start":{"line":14,"column":26},"end":{"line":14,"column":53}}]}},"s":{"0":1,"1":1,"2":6,"3":2,"4":2,"5":2,"6":1,"7":1,"8":1,"9":1,"10":1,"11":4,"12":1},"f":{"0":1,"1":6,"2":2},"b":{"0":[2,4],"1":[1,1],"2":[1],"3":[1,1]}}
,"/home/lisboasun/Documents/node_js_pro-1/api-warehouse/src/common/base.controller.ts": {"path":"/home/lisboasun/Documents/node_js_pro-1/api-warehouse/src/common/base.controller.ts","statementMap":{"0":{"start":{"line":1,"column":0},"end":{"line":1,"column":43}},"1":{"start":{"line":2,"column":0},"end":{"line":2,"column":39}},"2":{"start":{"line":5,"column":0},"end":{"line":5,"column":26}},"3":{"start":{"line":8,"column":7},"end":{"line":41,"column":null}},"4":{"start":{"line":11,"column":21},"end":{"line":11,"column":36}},"5":{"start":{"line":12,"column":2},"end":{"line":12,"column":26}},"6":{"start":{"line":16,"column":2},"end":{"line":16,"column":22}},"7":{"start":{"line":20,"column":2},"end":{"line":26,"column":null}},"8":{"start":{"line":21,"column":3},"end":{"line":21,"column":52}},"9":{"start":{"line":22,"column":22},"end":{"line":22,"column":70}},"10":{"start":{"line":22,"column":52},"end":{"line":22,"column":69}},"11":{"start":{"line":23,"column":19},"end":{"line":23,"column":40}},"12":{"start":{"line":24,"column":20},"end":{"line":24,"column":67}},"13":{"start":{"line":25,"column":3},"end":{"line":25,"column":51}},"14":{"start":{"line":30,"column":2},"end":{"line":30,"column":31}},"15":{"start":{"line":31,"column":2},"end":{"line":31,"column":40}},"16":{"start":{"line":35,"column":2},"end":{"line":35,"column":29}},"17":{"start":{"line":39,"column":2},"end":{"line":39,"column":49}},"18":{"start":{"line":8,"column":22},"end":{"line":41,"column":null}},"19":{"start":{"line":8,"column":22},"end":{"line":8,"column":36}}},"fnMap":{"0":{"name":"(anonymous_2)","decl":{"start":{"line":11,"column":1},"end":{"line":11,"column":21}},"loc":{"start":{"line":11,"column":36},"end":{"line":13,"column":2}}},"1":{"name":"(anonymous_3)","decl":{"start":{"line":15,"column":1},"end":{"line":15,"column":5}},"loc":{"start":{"line":15,"column":11},"end":{"line":17,"column":2}}},"2":{"name":"(anonymous_4)","decl":{"start":{"line":19,"column":11},"end":{"line":19,"column":21}},"loc":{"start":{"line":19,"column":48},"end":{"line":27,"column":2}}},"3":{"name":"(anonymous_5)","decl":{"start":{"line":22,"column":45},"end":{"line":22,"column":46}},"loc":{"start":{"line":22,"column":52},"end":{"line":22,"column":69}}},"4":{"name":"(anonymous_6)","decl":{"start":{"line":29,"column":8},"end":{"line":29,"column":20}},"loc":{"start":{"line":29,"column":63},"end":{"line":32,"column":2}}},"5":{"name":"(anonymous_7)","decl":{"start":{"line":34,"column":8},"end":{"line":34,"column":15}},"loc":{"start":{"line":34,"column":29},"end":{"line":36,"column":2}}},"6":{"name":"(anonymous_8)","decl":{"start":{"line":38,"column":8},"end":{"line":38,"column":10}},"loc":{"start":{"line":38,"column":39},"end":{"line":40,"column":2}}}},"branchMap":{"0":{"loc":{"start":{"line":22,"column":22},"end":{"line":22,"column":70}},"type":"cond-expr","locations":[{"start":{"line":22,"column":39},"end":{"line":22,"column":41}},{"start":{"line":22,"column":39},"end":{"line":22,"column":70}}]},"1":{"loc":{"start":{"line":22,"column":22},"end":{"line":22,"column":41}},"type":"binary-expr","locations":[{"start":{"line":22,"column":22},"end":{"line":22,"column":41}},{"start":{"line":22,"column":39},"end":{"line":22,"column":41}}]},"2":{"loc":{"start":{"line":24,"column":20},"end":{"line":24,"column":67}},"type":"cond-expr","locations":[{"start":{"line":24,"column":33},"end":{"line":24,"column":57}},{"start":{"line":24,"column":60},"end":{"line":24,"column":67}}]}},"s":{"0":1,"1":1,"2":1,"3":1,"4":1,"5":1,"6":12,"7":1,"8":11,"9":11,"10":4,"11":11,"12":11,"13":11,"14":3,"15":3,"16":0,"17":3,"18":1,"19":1},"f":{"0":1,"1":12,"2":1,"3":4,"4":3,"5":0,"6":3},"b":{"0":[8,3],"1":[11,11],"2":[3,8]}}
,"/home/lisboasun/Documents/node_js_pro-1/api-warehouse/src/common/role.middleware.ts": {"path":"/home/lisboasun/Documents/node_js_pro-1/api-warehouse/src/common/role.middleware.ts","statementMap":{"0":{"start":{"line":3,"column":0},"end":{"line":3,"column":38}},"1":{"start":{"line":5,"column":21},"end":{"line":5,"column":34}},"2":{"start":{"line":5,"column":44},"end":{"line":5,"column":58}},"3":{"start":{"line":7,"column":16},"end":{"line":7,"column":56}},"4":{"start":{"line":8,"column":2},"end":{"line":24,"column":null}},"5":{"start":{"line":9,"column":3},"end":{"line":9,"column":42}},"6":{"start":{"line":11,"column":3},"end":{"line":23,"column":null}},"7":{"start":{"line":12,"column":20},"end":{"line":12,"column":46}},"8":{"start":{"line":13,"column":4},"end":{"line":20,"column":null}},"9":{"start":{"line":14,"column":29},"end":{"line":14,"column":63}},"10":{"start":{"line":15,"column":5},"end":{"line":19,"column":null}},"11":{"start":{"line":16,"column":6},"end":{"line":16,"column":44}},"12":{"start":{"line":18,"column":6},"end":{"line":18,"column":13}},"13":{"start":{"line":22,"column":4},"end":{"line":22,"column":42}},"14":{"start":{"line":4,"column":0},"end":{"line":4,"column":13}}},"fnMap":{"0":{"name":"(anonymous_0)","decl":{"start":{"line":5,"column":1},"end":{"line":5,"column":21}},"loc":{"start":{"line":5,"column":58},"end":{"line":5,"column":62}}},"1":{"name":"(anonymous_1)","decl":{"start":{"line":6,"column":1},"end":{"line":6,"column":8}},"loc":{"start":{"line":6,"column":56},"end":{"line":25,"column":2}}}},"branchMap":{"0":{"loc":{"start":{"line":7,"column":16},"end":{"line":7,"column":56}},"type":"cond-expr","locations":[{"start":{"line":7,"column":41},"end":{"line":7,"column":43}},{"start":{"line":7,"column":41},"end":{"line":7,"column":56}}]},"1":{"loc":{"start":{"line":7,"column":16},"end":{"line":7,"column":43}},"type":"binary-expr","locations":[{"start":{"line":7,"column":16},"end":{"line":7,"column":43}},{"start":{"line":7,"column":41},"end":{"line":7,"column":43}}]},"2":{"loc":{"start":{"line":8,"column":2},"end":{"line":24,"column":null}},"type":"if","locations":[{"start":{"line":8,"column":2},"end":{"line":24,"column":null}},{"start":{"line":10,"column":9},"end":{"line":24,"column":null}}]},"3":{"loc":{"start":{"line":13,"column":4},"end":{"line":20,"column":null}},"type":"if","locations":[{"start":{"line":13,"column":4},"end":{"line":20,"column":null}}]},"4":{"loc":{"start":{"line":13,"column":8},"end":{"line":13,"column":46}},"type":"binary-expr","locations":[{"start":{"line":13,"column":8},"end":{"line":13,"column":15}},{"start":{"line":13,"column":19},"end":{"line":13,"column":46}}]},"5":{"loc":{"start":{"line":15,"column":5},"end":{"line":19,"column":null}},"type":"if","locations":[{"start":{"line":15,"column":5},"end":{"line":19,"column":null}},{"start":{"line":17,"column":12},"end":{"line":19,"column":null}}]}},"s":{"0":1,"1":1,"2":1,"3":1,"4":1,"5":0,"6":1,"7":1,"8":1,"9":1,"10":1,"11":0,"12":1,"13":0,"14":1},"f":{"0":1,"1":1},"b":{"0":[0,1],"1":[1,1],"2":[0,1],"3":[1],"4":[1,1],"5":[0,1]}}
,"/home/lisboasun/Documents/node_js_pro-1/api-warehouse/src/common/validate.middleware.ts": {"path":"/home/lisboasun/Documents/node_js_pro-1/api-warehouse/src/common/validate.middleware.ts","statementMap":{"0":{"start":{"line":1,"column":0},"end":{"line":1,"column":67}},"1":{"start":{"line":2,"column":0},"end":{"line":2,"column":43}},"2":{"start":{"line":6,"column":21},"end":{"line":6,"column":62}},"3":{"start":{"line":9,"column":19},"end":{"line":9,"column":59}},"4":{"start":{"line":10,"column":2},"end":{"line":16,"column":5}},"5":{"start":{"line":11,"column":3},"end":{"line":15,"column":null}},"6":{"start":{"line":12,"column":4},"end":{"line":12,"column":33}},"7":{"start":{"line":14,"column":4},"end":{"line":14,"column":11}},"8":{"start":{"line":5,"column":0},"end":{"line":5,"column":13}}},"fnMap":{"0":{"name":"(anonymous_0)","decl":{"start":{"line":6,"column":1},"end":{"line":6,"column":21}},"loc":{"start":{"line":6,"column":62},"end":{"line":6,"column":66}}},"1":{"name":"(anonymous_1)","decl":{"start":{"line":8,"column":1},"end":{"line":8,"column":8}},"loc":{"start":{"line":8,"column":61},"end":{"line":17,"column":2}}},"2":{"name":"(anonymous_2)","decl":{"start":{"line":10,"column":26},"end":{"line":10,"column":27}},"loc":{"start":{"line":10,"column":37},"end":{"line":16,"column":3}}}},"branchMap":{"0":{"loc":{"start":{"line":11,"column":3},"end":{"line":15,"column":null}},"type":"if","locations":[{"start":{"line":11,"column":3},"end":{"line":15,"column":null}},{"start":{"line":13,"column":10},"end":{"line":15,"column":null}}]}},"s":{"0":1,"1":1,"2":2,"3":4,"4":4,"5":4,"6":1,"7":3,"8":1},"f":{"0":2,"1":4,"2":4},"b":{"0":[1,3]}}
,"/home/lisboasun/Documents/node_js_pro-1/api-warehouse/src/config/config.service.ts": {"path":"/home/lisboasun/Documents/node_js_pro-1/api-warehouse/src/config/config.service.ts","statementMap":{"0":{"start":{"line":1,"column":0},"end":{"line":1,"column":71}},"1":{"start":{"line":2,"column":0},"end":{"line":2,"column":47}},"2":{"start":{"line":4,"column":0},"end":{"line":4,"column":33}},"3":{"start":{"line":6,"column":0},"end":{"line":6,"column":26}},"4":{"start":{"line":9,"column":7},"end":{"line":24,"column":null}},"5":{"start":{"line":11,"column":44},"end":{"line":11,"column":59}},"6":{"start":{"line":12,"column":37},"end":{"line":12,"column":45}},"7":{"start":{"line":13,"column":2},"end":{"line":18,"column":null}},"8":{"start":{"line":14,"column":3},"end":{"line":14,"column":58}},"9":{"start":{"line":16,"column":3},"end":{"line":16,"column":53}},"10":{"start":{"line":17,"column":3},"end":{"line":17,"column":52}},"11":{"start":{"line":22,"column":2},"end":{"line":22,"column":26}},"12":{"start":{"line":9,"column":13},"end":{"line":24,"column":null}},"13":{"start":{"line":9,"column":13},"end":{"line":9,"column":26}}},"fnMap":{"0":{"name":"(anonymous_4)","decl":{"start":{"line":11,"column":1},"end":{"line":11,"column":14}},"loc":{"start":{"line":11,"column":59},"end":{"line":19,"column":2}}},"1":{"name":"(anonymous_5)","decl":{"start":{"line":21,"column":1},"end":{"line":21,"column":4}},"loc":{"start":{"line":21,"column":16},"end":{"line":23,"column":2}}}},"branchMap":{"0":{"loc":{"start":{"line":13,"column":2},"end":{"line":18,"column":null}},"type":"if","locations":[{"start":{"line":13,"column":2},"end":{"line":18,"column":null}},{"start":{"line":15,"column":9},"end":{"line":18,"column":null}}]}},"s":{"0":1,"1":1,"2":1,"3":1,"4":1,"5":1,"6":1,"7":1,"8":0,"9":1,"10":1,"11":5,"12":1,"13":1},"f":{"0":1,"1":5},"b":{"0":[0,1]}}
,"/home/lisboasun/Documents/node_js_pro-1/api-warehouse/src/database/prisma.service.ts": {"path":"/home/lisboasun/Documents/node_js_pro-1/api-warehouse/src/database/prisma.service.ts","statementMap":{"0":{"start":{"line":1,"column":0},"end":{"line":1,"column":57}},"1":{"start":{"line":2,"column":0},"end":{"line":2,"column":47}},"2":{"start":{"line":4,"column":0},"end":{"line":4,"column":33}},"3":{"start":{"line":5,"column":0},"end":{"line":5,"column":26}},"4":{"start":{"line":8,"column":7},"end":{"line":29,"column":null}},"5":{"start":{"line":11,"column":44},"end":{"line":11,"column":59}},"6":{"start":{"line":12,"column":2},"end":{"line":12,"column":35}},"7":{"start":{"line":16,"column":2},"end":{"line":23,"column":null}},"8":{"start":{"line":17,"column":3},"end":{"line":17,"column":32}},"9":{"start":{"line":18,"column":3},"end":{"line":18,"column":54}},"10":{"start":{"line":20,"column":3},"end":{"line":22,"column":null}},"11":{"start":{"line":21,"column":4},"end":{"line":21,"column":61}},"12":{"start":{"line":27,"column":2},"end":{"line":27,"column":34}},"13":{"start":{"line":8,"column":13},"end":{"line":29,"column":null}},"14":{"start":{"line":8,"column":13},"end":{"line":8,"column":26}}},"fnMap":{"0":{"name":"(anonymous_11)","decl":{"start":{"line":11,"column":1},"end":{"line":11,"column":14}},"loc":{"start":{"line":11,"column":59},"end":{"line":13,"column":2}}},"1":{"name":"(anonymous_12)","decl":{"start":{"line":15,"column":7},"end":{"line":15,"column":14}},"loc":{"start":{"line":15,"column":14},"end":{"line":24,"column":null}}},"2":{"name":"(anonymous_14)","decl":{"start":{"line":26,"column":7},"end":{"line":26,"column":17}},"loc":{"start":{"line":26,"column":17},"end":{"line":28,"column":null}}}},"branchMap":{"0":{"loc":{"start":{"line":20,"column":3},"end":{"line":22,"column":null}},"type":"if","locations":[{"start":{"line":20,"column":3},"end":{"line":22,"column":null}}]}},"s":{"0":1,"1":1,"2":1,"3":1,"4":1,"5":1,"6":1,"7":1,"8":1,"9":1,"10":0,"11":0,"12":0,"13":1,"14":1},"f":{"0":1,"1":1,"2":0},"b":{"0":[0]}}
,"/home/lisboasun/Documents/node_js_pro-1/api-warehouse/src/errors/exception.filter.ts": {"path":"/home/lisboasun/Documents/node_js_pro-1/api-warehouse/src/errors/exception.filter.ts","statementMap":{"0":{"start":{"line":2,"column":0},"end":{"line":2,"column":47}},"1":{"start":{"line":4,"column":0},"end":{"line":4,"column":33}},"2":{"start":{"line":6,"column":0},"end":{"line":6,"column":26}},"3":{"start":{"line":7,"column":0},"end":{"line":7,"column":47}},"4":{"start":{"line":9,"column":7},"end":{"line":28,"column":null}},"5":{"start":{"line":10,"column":44},"end":{"line":10,"column":59}},"6":{"start":{"line":18,"column":2},"end":{"line":26,"column":null}},"7":{"start":{"line":19,"column":3},"end":{"line":21,"column":5}},"8":{"start":{"line":22,"column":3},"end":{"line":22,"column":57}},"9":{"start":{"line":24,"column":3},"end":{"line":24,"column":39}},"10":{"start":{"line":25,"column":3},"end":{"line":25,"column":46}},"11":{"start":{"line":9,"column":13},"end":{"line":28,"column":null}},"12":{"start":{"line":9,"column":13},"end":{"line":9,"column":28}}},"fnMap":{"0":{"name":"(anonymous_4)","decl":{"start":{"line":10,"column":1},"end":{"line":10,"column":14}},"loc":{"start":{"line":10,"column":59},"end":{"line":10,"column":63}}},"1":{"name":"(anonymous_5)","decl":{"start":{"line":12,"column":1},"end":{"line":12,"column":6}},"loc":{"start":{"line":16,"column":20},"end":{"line":27,"column":2}}}},"branchMap":{"0":{"loc":{"start":{"line":18,"column":2},"end":{"line":26,"column":null}},"type":"if","locations":[{"start":{"line":18,"column":2},"end":{"line":26,"column":null}},{"start":{"line":23,"column":9},"end":{"line":26,"column":null}}]}},"s":{"0":1,"1":1,"2":1,"3":1,"4":1,"5":1,"6":1,"7":1,"8":1,"9":0,"10":0,"11":1,"12":1},"f":{"0":1,"1":1},"b":{"0":[1,0]}}
,"/home/lisboasun/Documents/node_js_pro-1/api-warehouse/src/errors/http-error.class.ts": {"path":"/home/lisboasun/Documents/node_js_pro-1/api-warehouse/src/errors/http-error.class.ts","statementMap":{"0":{"start":{"line":6,"column":2},"end":{"line":6,"column":17}},"1":{"start":{"line":7,"column":2},"end":{"line":7,"column":31}},"2":{"start":{"line":8,"column":2},"end":{"line":8,"column":25}},"3":{"start":{"line":9,"column":2},"end":{"line":9,"column":25}},"4":{"start":{"line":1,"column":0},"end":{"line":1,"column":13}}},"fnMap":{"0":{"name":"(anonymous_0)","decl":{"start":{"line":5,"column":1},"end":{"line":5,"column":13}},"loc":{"start":{"line":5,"column":66},"end":{"line":10,"column":2}}}},"branchMap":{},"s":{"0":1,"1":1,"2":1,"3":1,"4":1},"f":{"0":1},"b":{}}
,"/home/lisboasun/Documents/node_js_pro-1/api-warehouse/src/logger/logger.ts": {"path":"/home/lisboasun/Documents/node_js_pro-1/api-warehouse/src/logger/logger.ts","statementMap":{"0":{"start":{"line":1,"column":0},"end":{"line":1,"column":39}},"1":{"start":{"line":2,"column":0},"end":{"line":2,"column":31}},"2":{"start":{"line":4,"column":0},"end":{"line":4,"column":26}},"3":{"start":{"line":6,"column":7},"end":{"line":29,"column":null}},"4":{"start":{"line":10,"column":2},"end":{"line":15,"column":5}},"5":{"start":{"line":19,"column":2},"end":{"line":19,"column":28}},"6":{"start":{"line":23,"column":2},"end":{"line":23,"column":29}},"7":{"start":{"line":27,"column":2},"end":{"line":27,"column":28}},"8":{"start":{"line":6,"column":13},"end":{"line":29,"column":null}},"9":{"start":{"line":6,"column":13},"end":{"line":6,"column":26}}},"fnMap":{"0":{"name":"(anonymous_2)","decl":{"start":{"line":9,"column":1},"end":{"line":9,"column":null}},"loc":{"start":{"line":9,"column":1},"end":{"line":16,"column":2}}},"1":{"name":"(anonymous_3)","decl":{"start":{"line":18,"column":1},"end":{"line":18,"column":4}},"loc":{"start":{"line":18,"column":23},"end":{"line":20,"column":2}}},"2":{"name":"(anonymous_4)","decl":{"start":{"line":22,"column":1},"end":{"line":22,"column":6}},"loc":{"start":{"line":22,"column":25},"end":{"line":24,"column":2}}},"3":{"name":"(anonymous_5)","decl":{"start":{"line":26,"column":1},"end":{"line":26,"column":5}},"loc":{"start":{"line":26,"column":24},"end":{"line":28,"column":2}}}},"branchMap":{},"s":{"0":1,"1":1,"2":1,"3":1,"4":1,"5":14,"6":1,"7":0,"8":1,"9":1},"f":{"0":1,"1":14,"2":1,"3":0},"b":{}}
,"/home/lisboasun/Documents/node_js_pro-1/api-warehouse/src/roles/roles.ts": {"path":"/home/lisboasun/Documents/node_js_pro-1/api-warehouse/src/roles/roles.ts","statementMap":{"0":{"start":{"line":1,"column":0},"end":{"line":1,"column":null}},"1":{"start":{"line":2,"column":1},"end":{"line":2,"column":null}},"2":{"start":{"line":3,"column":1},"end":{"line":3,"column":null}},"3":{"start":{"line":4,"column":1},"end":{"line":4,"column":null}}},"fnMap":{"0":{"name":"(anonymous_0)","decl":{"start":{"line":1,"column":0},"end":{"line":1,"column":12}},"loc":{"start":{"line":1,"column":20},"end":{"line":5,"column":1}}}},"branchMap":{"0":{"loc":{"start":{"line":1,"column":12},"end":{"line":1,"column":null}},"type":"binary-expr","locations":[{"start":{"line":1,"column":12},"end":{"line":1,"column":20}},{"start":{"line":1,"column":12},"end":{"line":1,"column":null}}]}},"s":{"0":1,"1":1,"2":1,"3":1},"f":{"0":1},"b":{"0":[1,1]}}
,"/home/lisboasun/Documents/node_js_pro-1/api-warehouse/src/users/user.entity.ts": {"path":"/home/lisboasun/Documents/node_js_pro-1/api-warehouse/src/users/user.entity.ts","statementMap":{"0":{"start":{"line":1,"column":0},"end":{"line":1,"column":41}},"1":{"start":{"line":6,"column":19},"end":{"line":6,"column":33}},"2":{"start":{"line":7,"column":19},"end":{"line":7,"column":32}},"3":{"start":{"line":8,"column":19},"end":{"line":8,"column":33}},"4":{"start":{"line":9,"column":19},"end":{"line":9,"column":32}},"5":{"start":{"line":12,"column":2},"end":{"line":14,"column":null}},"6":{"start":{"line":13,"column":3},"end":{"line":13,"column":33}},"7":{"start":{"line":18,"column":2},"end":{"line":18,"column":21}},"8":{"start":{"line":22,"column":2},"end":{"line":22,"column":20}},"9":{"start":{"line":26,"column":2},"end":{"line":26,"column":21}},"10":{"start":{"line":30,"column":2},"end":{"line":30,"column":20}},"11":{"start":{"line":34,"column":2},"end":{"line":34,"column":24}},"12":{"start":{"line":38,"column":2},"end":{"line":38,"column":42}},"13":{"start":{"line":42,"column":2},"end":{"line":42,"column":45}},"14":{"start":{"line":2,"column":0},"end":{"line":2,"column":13}}},"fnMap":{"0":{"name":"(anonymous_7)","decl":{"start":{"line":5,"column":1},"end":{"line":5,"column":null}},"loc":{"start":{"line":10,"column":23},"end":{"line":15,"column":2}}},"1":{"name":"(anonymous_8)","decl":{"start":{"line":17,"column":1},"end":{"line":17,"column":5}},"loc":{"start":{"line":17,"column":10},"end":{"line":19,"column":2}}},"2":{"name":"(anonymous_9)","decl":{"start":{"line":21,"column":1},"end":{"line":21,"column":5}},"loc":{"start":{"line":21,"column":9},"end":{"line":23,"column":2}}},"3":{"name":"(anonymous_10)","decl":{"start":{"line":25,"column":1},"end":{"line":25,"column":5}},"loc":{"start":{"line":25,"column":10},"end":{"line":27,"column":2}}},"4":{"name":"(anonymous_11)","decl":{"start":{"line":29,"column":1},"end":{"line":29,"column":5}},"loc":{"start":{"line":29,"column":9},"end":{"line":31,"column":2}}},"5":{"name":"(anonymous_12)","decl":{"start":{"line":33,"column":1},"end":{"line":33,"column":5}},"loc":{"start":{"line":33,"column":13},"end":{"line":35,"column":2}}},"6":{"name":"(anonymous_13)","decl":{"start":{"line":37,"column":14},"end":{"line":37,"column":25}},"loc":{"start":{"line":37,"column":52},"end":{"line":39,"column":null}}},"7":{"name":"(anonymous_15)","decl":{"start":{"line":41,"column":14},"end":{"line":41,"column":29}},"loc":{"start":{"line":41,"column":42},"end":{"line":43,"column":null}}}},"branchMap":{"0":{"loc":{"start":{"line":12,"column":2},"end":{"line":14,"column":null}},"type":"if","locations":[{"start":{"line":12,"column":2},"end":{"line":14,"column":null}}]}},"s":{"0":1,"1":3,"2":3,"3":3,"4":3,"5":3,"6":3,"7":0,"8":0,"9":0,"10":0,"11":0,"12":0,"13":3,"14":1},"f":{"0":3,"1":0,"2":0,"3":0,"4":0,"5":0,"6":0,"7":3},"b":{"0":[3]}}
,"/home/lisboasun/Documents/node_js_pro-1/api-warehouse/src/users/user.service.ts": {"path":"/home/lisboasun/Documents/node_js_pro-1/api-warehouse/src/users/user.service.ts","statementMap":{"0":{"start":{"line":4,"column":0},"end":{"line":4,"column":37}},"1":{"start":{"line":5,"column":0},"end":{"line":5,"column":47}},"2":{"start":{"line":6,"column":0},"end":{"line":6,"column":26}},"3":{"start":{"line":8,"column":0},"end":{"line":8,"column":33}},"4":{"start":{"line":13,"column":7},"end":{"line":70,"column":null}},"5":{"start":{"line":16,"column":10},"end":{"line":16,"column":39}},"6":{"start":{"line":18,"column":10},"end":{"line":18,"column":43}},"7":{"start":{"line":28,"column":2},"end":{"line":30,"column":null}},"8":{"start":{"line":29,"column":3},"end":{"line":29,"column":14}},"9":{"start":{"line":31,"column":2},"end":{"line":33,"column":null}},"10":{"start":{"line":32,"column":3},"end":{"line":32,"column":17}},"11":{"start":{"line":34,"column":18},"end":{"line":34,"column":52}},"12":{"start":{"line":35,"column":15},"end":{"line":35,"column":45}},"13":{"start":{"line":36,"column":2},"end":{"line":36,"column":52}},"14":{"start":{"line":37,"column":22},"end":{"line":37,"column":67}},"15":{"start":{"line":38,"column":2},"end":{"line":40,"column":null}},"16":{"start":{"line":39,"column":3},"end":{"line":39,"column":15}},"17":{"start":{"line":41,"column":2},"end":{"line":41,"column":46}},"18":{"start":{"line":45,"column":20},"end":{"line":45,"column":65}},"19":{"start":{"line":46,"column":2},"end":{"line":48,"column":null}},"20":{"start":{"line":47,"column":3},"end":{"line":47,"column":16}},"21":{"start":{"line":49,"column":18},"end":{"line":54,"column":null}},"22":{"start":{"line":56,"column":2},"end":{"line":56,"column":43}},"23":{"start":{"line":60,"column":2},"end":{"line":60,"column":49}},"24":{"start":{"line":64,"column":15},"end":{"line":64,"column":60}},"25":{"start":{"line":65,"column":2},"end":{"line":67,"column":null}},"26":{"start":{"line":66,"column":3},"end":{"line":66,"column":15}},"27":{"start":{"line":68,"column":2},"end":{"line":68,"column":19}},"28":{"start":{"line":13,"column":13},"end":{"line":70,"column":null}},"29":{"start":{"line":13,"column":13},"end":{"line":13,"column":25}}},"fnMap":{"0":{"name":"(anonymous_11)","decl":{"start":{"line":14,"column":1},"end":{"line":14,"column":null}},"loc":{"start":{"line":18,"column":43},"end":{"line":19,"column":5}}},"1":{"name":"(anonymous_12)","decl":{"start":{"line":21,"column":7},"end":{"line":21,"column":17}},"loc":{"start":{"line":27,"column":19},"end":{"line":42,"column":null}}},"2":{"name":"(anonymous_14)","decl":{"start":{"line":44,"column":7},"end":{"line":44,"column":19}},"loc":{"start":{"line":44,"column":53},"end":{"line":57,"column":null}}},"3":{"name":"(anonymous_16)","decl":{"start":{"line":59,"column":7},"end":{"line":59,"column":18}},"loc":{"start":{"line":59,"column":32},"end":{"line":61,"column":null}}},"4":{"name":"(anonymous_18)","decl":{"start":{"line":63,"column":7},"end":{"line":63,"column":18}},"loc":{"start":{"line":63,"column":32},"end":{"line":69,"column":null}}}},"branchMap":{"0":{"loc":{"start":{"line":28,"column":2},"end":{"line":30,"column":null}},"type":"if","locations":[{"start":{"line":28,"column":2},"end":{"line":30,"column":null}}]},"1":{"loc":{"start":{"line":31,"column":2},"end":{"line":33,"column":null}},"type":"if","locations":[{"start":{"line":31,"column":2},"end":{"line":33,"column":null}}]},"2":{"loc":{"start":{"line":38,"column":2},"end":{"line":40,"column":null}},"type":"if","locations":[{"start":{"line":38,"column":2},"end":{"line":40,"column":null}}]},"3":{"loc":{"start":{"line":46,"column":2},"end":{"line":48,"column":null}},"type":"if","locations":[{"start":{"line":46,"column":2},"end":{"line":48,"column":null}}]},"4":{"loc":{"start":{"line":65,"column":2},"end":{"line":67,"column":null}},"type":"if","locations":[{"start":{"line":65,"column":2},"end":{"line":67,"column":null}}]}},"s":{"0":1,"1":1,"2":1,"3":1,"4":1,"5":1,"6":1,"7":0,"8":0,"9":0,"10":0,"11":0,"12":0,"13":0,"14":0,"15":0,"16":0,"17":0,"18":3,"19":3,"20":0,"21":3,"22":3,"23":1,"24":2,"25":2,"26":0,"27":2,"28":1,"29":1},"f":{"0":1,"1":0,"2":3,"3":1,"4":2},"b":{"0":[0],"1":[0],"2":[0],"3":[0],"4":[0]}}
,"/home/lisboasun/Documents/node_js_pro-1/api-warehouse/src/users/users.controller.ts": {"path":"/home/lisboasun/Documents/node_js_pro-1/api-warehouse/src/users/users.controller.ts","statementMap":{"0":{"start":{"line":1,"column":0},"end":{"line":1,"column":59}},"1":{"start":{"line":3,"column":0},"end":{"line":3,"column":55}},"2":{"start":{"line":4,"column":0},"end":{"line":4,"column":33}},"3":{"start":{"line":6,"column":0},"end":{"line":6,"column":47}},"4":{"start":{"line":8,"column":0},"end":{"line":8,"column":52}},"5":{"start":{"line":9,"column":0},"end":{"line":9,"column":58}},"6":{"start":{"line":11,"column":0},"end":{"line":11,"column":67}},"7":{"start":{"line":12,"column":0},"end":{"line":12,"column":36}},"8":{"start":{"line":14,"column":0},"end":{"line":14,"column":49}},"9":{"start":{"line":16,"column":0},"end":{"line":16,"column":59}},"10":{"start":{"line":17,"column":0},"end":{"line":17,"column":42}},"11":{"start":{"line":18,"column":0},"end":{"line":18,"column":26}},"12":{"start":{"line":20,"column":7},"end":{"line":197,"column":null}},"13":{"start":{"line":26,"column":2},"end":{"line":26,"column":23}},"14":{"start":{"line":22,"column":33},"end":{"line":22,"column":55}},"15":{"start":{"line":23,"column":37},"end":{"line":23,"column":62}},"16":{"start":{"line":24,"column":39},"end":{"line":24,"column":68}},"17":{"start":{"line":27,"column":2},"end":{"line":65,"column":5}},"18":{"start":{"line":73,"column":2},"end":{"line":73,"column":42}},"19":{"start":{"line":81,"column":2},"end":{"line":81,"column":46}},"20":{"start":{"line":89,"column":2},"end":{"line":89,"column":40}},"21":{"start":{"line":97,"column":2},"end":{"line":97,"column":46}},"22":{"start":{"line":105,"column":2},"end":{"line":105,"column":42}},"23":{"start":{"line":113,"column":2},"end":{"line":113,"column":45}},"24":{"start":{"line":121,"column":2},"end":{"line":121,"column":48}},"25":{"start":{"line":129,"column":2},"end":{"line":129,"column":49}},"26":{"start":{"line":137,"column":17},"end":{"line":137,"column":62}},"27":{"start":{"line":138,"column":2},"end":{"line":148,"column":null}},"28":{"start":{"line":139,"column":3},"end":{"line":139,"column":62}},"29":{"start":{"line":141,"column":16},"end":{"line":141,"column":74}},"30":{"start":{"line":142,"column":15},"end":{"line":145,"column":null}},"31":{"start":{"line":147,"column":3},"end":{"line":147,"column":25}},"32":{"start":{"line":156,"column":17},"end":{"line":156,"column":56}},"33":{"start":{"line":157,"column":2},"end":{"line":161,"column":null}},"34":{"start":{"line":158,"column":3},"end":{"line":160,"column":5}},"35":{"start":{"line":162,"column":2},"end":{"line":162,"column":55}},"36":{"start":{"line":170,"column":2},"end":{"line":186,"column":5}},"37":{"start":{"line":171,"column":3},"end":{"line":185,"column":5}},"38":{"start":{"line":180,"column":5},"end":{"line":182,"column":null}},"39":{"start":{"line":181,"column":6},"end":{"line":181,"column":18}},"40":{"start":{"line":183,"column":5},"end":{"line":183,"column":30}},"41":{"start":{"line":194,"column":19},"end":{"line":194,"column":59}},"42":{"start":{"line":195,"column":2},"end":{"line":195,"column":61}},"43":{"start":{"line":20,"column":13},"end":{"line":197,"column":null}},"44":{"start":{"line":20,"column":13},"end":{"line":20,"column":27}}},"fnMap":{"0":{"name":"(anonymous_11)","decl":{"start":{"line":21,"column":1},"end":{"line":21,"column":null}},"loc":{"start":{"line":24,"column":68},"end":{"line":66,"column":2}}},"1":{"name":"(anonymous_12)","decl":{"start":{"line":68,"column":7},"end":{"line":68,"column":15}},"loc":{"start":{"line":71,"column":20},"end":{"line":74,"column":null}}},"2":{"name":"(anonymous_14)","decl":{"start":{"line":76,"column":7},"end":{"line":76,"column":18}},"loc":{"start":{"line":79,"column":20},"end":{"line":82,"column":null}}},"3":{"name":"(anonymous_16)","decl":{"start":{"line":84,"column":7},"end":{"line":84,"column":17}},"loc":{"start":{"line":87,"column":20},"end":{"line":90,"column":null}}},"4":{"name":"(anonymous_18)","decl":{"start":{"line":92,"column":7},"end":{"line":92,"column":21}},"loc":{"start":{"line":95,"column":20},"end":{"line":98,"column":null}}},"5":{"name":"(anonymous_20)","decl":{"start":{"line":100,"column":7},"end":{"line":100,"column":21}},"loc":{"start":{"line":103,"column":20},"end":{"line":106,"column":null}}},"6":{"name":"(anonymous_22)","decl":{"start":{"line":108,"column":7},"end":{"line":108,"column":23}},"loc":{"start":{"line":111,"column":20},"end":{"line":114,"column":null}}},"7":{"name":"(anonymous_24)","decl":{"start":{"line":116,"column":7},"end":{"line":116,"column":24}},"loc":{"start":{"line":119,"column":20},"end":{"line":122,"column":null}}},"8":{"name":"(anonymous_26)","decl":{"start":{"line":124,"column":7},"end":{"line":124,"column":27}},"loc":{"start":{"line":127,"column":20},"end":{"line":130,"column":null}}},"9":{"name":"(anonymous_28)","decl":{"start":{"line":132,"column":7},"end":{"line":132,"column":12}},"loc":{"start":{"line":135,"column":20},"end":{"line":149,"column":null}}},"10":{"name":"(anonymous_30)","decl":{"start":{"line":151,"column":7},"end":{"line":151,"column":15}},"loc":{"start":{"line":154,"column":20},"end":{"line":163,"column":null}}},"11":{"name":"(anonymous_32)","decl":{"start":{"line":165,"column":9},"end":{"line":165,"column":16}},"loc":{"start":{"line":168,"column":14},"end":{"line":187,"column":2}}},"12":{"name":"(anonymous_33)","decl":{"start":{"line":170,"column":29},"end":{"line":170,"column":30}},"loc":{"start":{"line":170,"column":49},"end":{"line":186,"column":3}}},"13":{"name":"(anonymous_34)","decl":{"start":{"line":179,"column":4},"end":{"line":179,"column":5}},"loc":{"start":{"line":179,"column":19},"end":{"line":184,"column":5}}},"14":{"name":"(anonymous_35)","decl":{"start":{"line":189,"column":7},"end":{"line":189,"column":11}},"loc":{"start":{"line":192,"column":20},"end":{"line":196,"column":null}}}},"branchMap":{"0":{"loc":{"start":{"line":138,"column":2},"end":{"line":148,"column":null}},"type":"if","locations":[{"start":{"line":138,"column":2},"end":{"line":148,"column":null}},{"start":{"line":140,"column":9},"end":{"line":148,"column":null}}]},"1":{"loc":{"start":{"line":141,"column":16},"end":{"line":141,"column":74}},"type":"binary-expr","locations":[{"start":{"line":141,"column":17},"end":{"line":141,"column":67}},{"start":{"line":141,"column":72},"end":{"line":141,"column":74}}]},"2":{"loc":{"start":{"line":157,"column":2},"end":{"line":161,"column":null}},"type":"if","locations":[{"start":{"line":157,"column":2},"end":{"line":161,"column":null}}]},"3":{"loc":{"start":{"line":180,"column":5},"end":{"line":182,"column":null}},"type":"if","locations":[{"start":{"line":180,"column":5},"end":{"line":182,"column":null}}]},"4":{"loc":{"start":{"line":195,"column":24},"end":{"line":195,"column":39}},"type":"cond-expr","locations":[{"start":{"line":195,"column":32},"end":{"line":195,"column":34}},{"start":{"line":195,"column":24},"end":{"line":195,"column":39}}]},"5":{"loc":{"start":{"line":195,"column":24},"end":{"line":195,"column":34}},"type":"binary-expr","locations":[{"start":{"line":195,"column":24},"end":{"line":195,"column":34}},{"start":{"line":195,"column":24},"end":{"line":195,"column":34}}]},"6":{"loc":{"start":{"line":195,"column":45},"end":{"line":195,"column":57}},"type":"cond-expr","locations":[{"start":{"line":195,"column":53},"end":{"line":195,"column":55}},{"start":{"line":195,"column":45},"end":{"line":195,"column":57}}]},"7":{"loc":{"start":{"line":195,"column":45},"end":{"line":195,"column":55}},"type":"binary-expr","locations":[{"start":{"line":195,"column":45},"end":{"line":195,"column":55}},{"start":{"line":195,"column":45},"end":{"line":195,"column":55}}]}},"s":{"0":1,"1":1,"2":1,"3":1,"4":1,"5":1,"6":1,"7":1,"8":1,"9":1,"10":1,"11":1,"12":1,"13":1,"14":1,"15":1,"16":1,"17":1,"18":0,"19":0,"20":0,"21":0,"22":0,"23":0,"24":0,"25":0,"26":3,"27":3,"28":1,"29":2,"30":2,"31":2,"32":0,"33":0,"34":0,"35":0,"36":2,"37":2,"38":2,"39":0,"40":2,"41":1,"42":1,"43":1,"44":1},"f":{"0":1,"1":0,"2":0,"3":0,"4":0,"5":0,"6":0,"7":0,"8":0,"9":3,"10":0,"11":2,"12":2,"13":2,"14":1},"b":{"0":[1,2],"1":[2,0],"2":[0],"3":[0],"4":[0,1],"5":[1,1],"6":[0,1],"7":[1,1]}}
,"/home/lisboasun/Documents/node_js_pro-1/api-warehouse/src/users/users.repository.ts": {"path":"/home/lisboasun/Documents/node_js_pro-1/api-warehouse/src/users/users.repository.ts","statementMap":{"0":{"start":{"line":2,"column":0},"end":{"line":2,"column":47}},"1":{"start":{"line":3,"column":0},"end":{"line":3,"column":59}},"2":{"start":{"line":5,"column":0},"end":{"line":5,"column":33}},"3":{"start":{"line":8,"column":0},"end":{"line":8,"column":26}},"4":{"start":{"line":11,"column":7},"end":{"line":53,"column":null}},"5":{"start":{"line":13,"column":33},"end":{"line":13,"column":55}},"6":{"start":{"line":14,"column":39},"end":{"line":14,"column":54}},"7":{"start":{"line":24,"column":17},"end":{"line":33,"column":4}},"8":{"start":{"line":34,"column":2},"end":{"line":34,"column":16}},"9":{"start":{"line":38,"column":2},"end":{"line":42,"column":5}},"10":{"start":{"line":46,"column":17},"end":{"line":50,"column":4}},"11":{"start":{"line":51,"column":2},"end":{"line":51,"column":16}},"12":{"start":{"line":11,"column":13},"end":{"line":53,"column":null}},"13":{"start":{"line":11,"column":13},"end":{"line":11,"column":28}}},"fnMap":{"0":{"name":"(anonymous_11)","decl":{"start":{"line":12,"column":1},"end":{"line":12,"column":null}},"loc":{"start":{"line":14,"column":67},"end":{"line":15,"column":5}}},"1":{"name":"(anonymous_12)","decl":{"start":{"line":17,"column":7},"end":{"line":17,"column":13}},"loc":{"start":{"line":23,"column":8},"end":{"line":35,"column":null}}},"2":{"name":"(anonymous_14)","decl":{"start":{"line":37,"column":7},"end":{"line":37,"column":18}},"loc":{"start":{"line":37,"column":32},"end":{"line":43,"column":null}}},"3":{"name":"(anonymous_16)","decl":{"start":{"line":45,"column":1},"end":{"line":45,"column":12}},"loc":{"start":{"line":45,"column":26},"end":{"line":52,"column":2}}}},"branchMap":{},"s":{"0":1,"1":1,"2":1,"3":1,"4":1,"5":1,"6":1,"7":0,"8":0,"9":6,"10":0,"11":0,"12":1,"13":1},"f":{"0":1,"1":0,"2":6,"3":0},"b":{}}
,"/home/lisboasun/Documents/node_js_pro-1/api-warehouse/src/users/dto/user-login.dto.ts": {"path":"/home/lisboasun/Documents/node_js_pro-1/api-warehouse/src/users/dto/user-login.dto.ts","statementMap":{"0":{"start":{"line":1,"column":0},"end":{"line":1,"column":52}},"1":{"start":{"line":3,"column":1},"end":{"line":4,"column":null}},"2":{"start":{"line":6,"column":1},"end":{"line":7,"column":null}},"3":{"start":{"line":2,"column":0},"end":{"line":2,"column":13}}},"fnMap":{},"branchMap":{},"s":{"0":1,"1":1,"2":1,"3":1},"f":{},"b":{}}
,"/home/lisboasun/Documents/node_js_pro-1/api-warehouse/src/users/dto/user-register.dto.ts": {"path":"/home/lisboasun/Documents/node_js_pro-1/api-warehouse/src/users/dto/user-register.dto.ts","statementMap":{"0":{"start":{"line":1,"column":0},"end":{"line":1,"column":52}},"1":{"start":{"line":3,"column":1},"end":{"line":4,"column":null}},"2":{"start":{"line":5,"column":1},"end":{"line":6,"column":null}},"3":{"start":{"line":7,"column":1},"end":{"line":8,"column":null}},"4":{"start":{"line":9,"column":1},"end":{"line":10,"column":null}},"5":{"start":{"line":11,"column":1},"end":{"line":12,"column":null}},"6":{"start":{"line":2,"column":0},"end":{"line":2,"column":13}}},"fnMap":{},"branchMap":{},"s":{"0":1,"1":1,"2":1,"3":1,"4":1,"5":1,"6":1},"f":{},"b":{}}
}
