TN:
SF:src/app.ts
FN:24,(anonymous_12)
FN:40,(anonymous_13)
FN:47,(anonymous_14)
FN:52,(anonymous_15)
FN:56,(anonymous_16)
FN:65,(anonymous_18)
FNF:6
FNH:6
FNDA:2,(anonymous_12)
FNDA:2,(anonymous_13)
FNDA:2,(anonymous_14)
FNDA:2,(anonymous_15)
FNDA:2,(anonymous_16)
FNDA:1,(anonymous_18)
DA:1,2
DA:2,2
DA:4,2
DA:9,2
DA:10,2
DA:11,2
DA:12,2
DA:13,2
DA:14,2
DA:17,2
DA:19,2
DA:25,2
DA:27,2
DA:29,2
DA:31,2
DA:32,2
DA:34,2
DA:36,2
DA:37,2
DA:41,2
DA:42,2
DA:43,2
DA:44,2
DA:48,2
DA:49,2
DA:53,2
DA:57,2
DA:58,2
DA:59,2
DA:60,2
DA:61,2
DA:62,2
DA:66,1
LF:33
LH:33
BRF:0
BRH:0
end_of_record
TN:
SF:src/main.ts
FN:24,(anonymous_7)
FN:58,bootstrap
FNF:2
FNH:2
FNDA:2,(anonymous_7)
FNDA:2,bootstrap
DA:1,2
DA:2,2
DA:3,2
DA:5,2
DA:6,2
DA:8,2
DA:11,2
DA:13,2
DA:14,2
DA:16,2
DA:18,2
DA:20,2
DA:22,2
DA:24,2
DA:25,2
DA:26,2
DA:29,2
DA:32,2
DA:33,2
DA:36,2
DA:37,2
DA:40,2
DA:43,2
DA:46,2
DA:50,2
DA:59,2
DA:60,2
DA:61,2
DA:62,2
DA:63,2
DA:66,2
LF:31
LH:31
BRF:0
BRH:0
end_of_record
TN:
SF:src/types.ts
FNF:0
FNH:0
DA:1,2
LF:1
LH:1
BRF:0
BRH:0
end_of_record
TN:
SF:src/common/auth.guard.ts
FN:4,(anonymous_0)
FNF:1
FNH:1
FNDA:17,(anonymous_0)
DA:3,2
DA:5,17
DA:6,10
DA:8,7
LF:4
LH:4
BRDA:5,0,0,10
BRF:1
BRH:1
end_of_record
TN:
SF:src/common/auth.middleware.ts
FN:6,(anonymous_0)
FN:8,(anonymous_1)
FN:11,(anonymous_2)
FNF:3
FNH:3
FNDA:2,(anonymous_0)
FNDA:33,(anonymous_1)
FNDA:11,(anonymous_2)
DA:2,2
DA:5,2
DA:6,2
DA:9,33
DA:10,11
DA:11,11
DA:12,11
DA:13,1
DA:14,10
DA:15,10
DA:16,10
DA:17,10
DA:21,22
LF:13
LH:13
BRDA:9,0,0,11
BRDA:9,0,1,22
BRDA:12,1,0,1
BRDA:12,1,1,10
BRDA:14,2,0,10
BRDA:14,3,0,10
BRDA:14,3,1,10
BRF:7
BRH:7
end_of_record
TN:
SF:src/common/base.controller.ts
FN:11,(anonymous_2)
FN:15,(anonymous_3)
FN:19,(anonymous_4)
FN:22,(anonymous_5)
FN:29,(anonymous_6)
FN:34,(anonymous_7)
FN:38,(anonymous_8)
FNF:7
FNH:6
FNDA:4,(anonymous_2)
FNDA:46,(anonymous_3)
FNDA:4,(anonymous_4)
FNDA:98,(anonymous_5)
FNDA:21,(anonymous_6)
FNDA:0,(anonymous_7)
FNDA:21,(anonymous_8)
DA:1,2
DA:2,2
DA:5,2
DA:8,2
DA:11,4
DA:12,4
DA:16,46
DA:20,4
DA:21,42
DA:22,98
DA:23,42
DA:24,42
DA:25,42
DA:30,21
DA:31,21
DA:35,0
DA:39,21
LF:17
LH:16
BRDA:22,0,0,0
BRDA:22,0,1,42
BRDA:22,1,0,42
BRDA:22,1,1,42
BRDA:24,2,0,42
BRDA:24,2,1,0
BRF:6
BRH:4
end_of_record
TN:
SF:src/common/role.middleware.ts
FN:11,(anonymous_0)
FN:12,(anonymous_1)
FNF:2
FNH:2
FNDA:8,(anonymous_0)
FNDA:10,(anonymous_1)
DA:3,2
DA:5,2
DA:6,2
DA:7,2
DA:8,2
DA:9,2
DA:10,2
DA:11,8
DA:13,10
DA:14,10
DA:15,0
DA:17,10
DA:18,10
DA:19,10
DA:20,10
DA:21,10
DA:22,0
DA:24,10
DA:28,0
LF:19
LH:16
BRDA:13,0,0,0
BRDA:13,0,1,10
BRDA:13,1,0,10
BRDA:13,1,1,10
BRDA:14,2,0,0
BRDA:14,2,1,10
BRDA:19,3,0,10
BRDA:19,4,0,10
BRDA:19,4,1,10
BRDA:21,5,0,0
BRDA:21,5,1,10
BRF:11
BRH:8
end_of_record
TN:
SF:src/common/validate.middleware.ts
FN:6,(anonymous_0)
FN:8,(anonymous_1)
FN:10,(anonymous_2)
FNF:3
FNH:3
FNDA:8,(anonymous_0)
FNDA:17,(anonymous_1)
FNDA:17,(anonymous_2)
DA:1,2
DA:2,2
DA:5,2
DA:6,8
DA:9,17
DA:10,17
DA:11,17
DA:12,3
DA:14,14
LF:9
LH:9
BRDA:11,0,0,3
BRDA:11,0,1,14
BRF:2
BRH:2
end_of_record
TN:
SF:src/config/config.service.ts
FN:11,(anonymous_4)
FN:21,(anonymous_5)
FNF:2
FNH:2
FNDA:2,(anonymous_4)
FNDA:19,(anonymous_5)
DA:1,2
DA:2,2
DA:4,2
DA:6,2
DA:9,2
DA:11,2
DA:12,2
DA:13,2
DA:14,0
DA:16,2
DA:17,2
DA:22,19
LF:12
LH:11
BRDA:13,0,0,0
BRDA:13,0,1,2
BRF:2
BRH:1
end_of_record
TN:
SF:src/database/prisma.service.ts
FN:10,(anonymous_11)
FN:13,(anonymous_12)
FN:23,(anonymous_14)
FNF:3
FNH:2
FNDA:2,(anonymous_11)
FNDA:2,(anonymous_12)
FNDA:0,(anonymous_14)
DA:1,2
DA:2,2
DA:4,2
DA:5,2
DA:8,2
DA:10,2
DA:11,2
DA:14,2
DA:15,2
DA:16,2
DA:18,0
DA:19,0
DA:24,0
LF:13
LH:10
BRDA:18,0,0,0
BRF:1
BRH:0
end_of_record
TN:
SF:src/errors/exception.filter.ts
FN:10,(anonymous_4)
FN:12,(anonymous_5)
FNF:2
FNH:2
FNDA:2,(anonymous_4)
FNDA:2,(anonymous_5)
DA:2,2
DA:4,2
DA:6,2
DA:7,2
DA:9,2
DA:10,2
DA:18,2
DA:19,2
DA:22,2
DA:24,0
DA:25,0
LF:11
LH:9
BRDA:18,0,0,2
BRDA:18,0,1,0
BRF:2
BRH:1
end_of_record
TN:
SF:src/errors/http-error.class.ts
FN:5,(anonymous_0)
FNF:1
FNH:1
FNDA:2,(anonymous_0)
DA:1,2
DA:6,2
DA:7,2
DA:8,2
DA:9,2
LF:5
LH:5
BRF:0
BRH:0
end_of_record
TN:
SF:src/logger/logger.ts
FN:9,(anonymous_2)
FN:18,(anonymous_3)
FN:22,(anonymous_4)
FN:26,(anonymous_5)
FNF:4
FNH:3
FNDA:2,(anonymous_2)
FNDA:48,(anonymous_3)
FNDA:2,(anonymous_4)
FNDA:0,(anonymous_5)
DA:1,2
DA:2,2
DA:4,2
DA:6,2
DA:10,2
DA:19,48
DA:23,2
DA:27,0
LF:8
LH:7
BRF:0
BRH:0
end_of_record
TN:
SF:src/products/product.entity.ts
FN:11,(anonymous_0)
FN:19,(anonymous_1)
FN:24,(anonymous_2)
FN:32,(anonymous_3)
FNF:4
FNH:0
FNDA:0,(anonymous_0)
FNDA:0,(anonymous_1)
FNDA:0,(anonymous_2)
FNDA:0,(anonymous_3)
DA:7,2
DA:12,0
DA:13,0
DA:15,0
DA:17,0
DA:20,0
DA:21,0
DA:25,0
DA:26,0
DA:28,0
DA:29,0
DA:33,0
LF:12
LH:1
BRDA:12,0,0,0
BRDA:12,0,1,0
BRDA:19,1,0,0
BRDA:24,2,0,0
BRDA:25,3,0,0
BRF:5
BRH:0
end_of_record
TN:
SF:src/products/products.controller.ts
FN:23,(anonymous_11)
FN:94,(anonymous_12)
FN:106,(anonymous_14)
FN:117,(anonymous_16)
FN:128,(anonymous_18)
FN:139,(anonymous_20)
FN:150,(anonymous_22)
FN:157,(anonymous_24)
FN:164,(anonymous_26)
FN:171,(anonymous_28)
FNF:10
FNH:1
FNDA:2,(anonymous_11)
FNDA:0,(anonymous_12)
FNDA:0,(anonymous_14)
FNDA:0,(anonymous_16)
FNDA:0,(anonymous_18)
FNDA:0,(anonymous_20)
FNDA:0,(anonymous_22)
FNDA:0,(anonymous_24)
FNDA:0,(anonymous_26)
FNDA:0,(anonymous_28)
DA:1,2
DA:3,2
DA:4,2
DA:6,2
DA:7,2
DA:9,2
DA:10,2
DA:11,2
DA:14,2
DA:15,2
DA:19,2
DA:24,2
DA:25,2
DA:26,2
DA:28,2
DA:29,2
DA:30,2
DA:31,2
DA:32,2
DA:33,2
DA:34,2
DA:36,2
DA:99,0
DA:100,0
DA:101,0
DA:103,0
DA:111,0
DA:112,0
DA:113,0
DA:115,0
DA:122,0
DA:123,0
DA:124,0
DA:126,0
DA:133,0
DA:134,0
DA:135,0
DA:137,0
DA:144,0
DA:145,0
DA:146,0
DA:148,0
DA:155,0
DA:162,0
DA:169,0
DA:176,0
DA:177,0
DA:178,0
DA:180,0
LF:49
LH:22
BRDA:100,0,0,0
BRDA:112,1,0,0
BRDA:123,2,0,0
BRDA:134,3,0,0
BRDA:145,4,0,0
BRDA:177,5,0,0
BRF:6
BRH:0
end_of_record
TN:
SF:src/products/products.repository.ts
FN:12,(anonymous_11)
FN:17,(anonymous_12)
FN:20,(anonymous_13)
FN:27,(anonymous_15)
FN:40,(anonymous_17)
FN:60,(anonymous_19)
FN:75,(anonymous_21)
FN:87,(anonymous_23)
FNF:8
FNH:1
FNDA:2,(anonymous_11)
FNDA:0,(anonymous_12)
FNDA:0,(anonymous_13)
FNDA:0,(anonymous_15)
FNDA:0,(anonymous_17)
FNDA:0,(anonymous_19)
FNDA:0,(anonymous_21)
FNDA:0,(anonymous_23)
DA:2,2
DA:3,2
DA:5,2
DA:11,2
DA:13,2
DA:14,2
DA:18,0
DA:21,0
DA:22,0
DA:23,0
DA:25,0
DA:28,0
DA:29,0
DA:35,0
DA:36,0
DA:38,0
DA:41,0
DA:42,0
DA:43,0
DA:44,0
DA:46,0
DA:47,0
DA:49,0
DA:51,0
DA:61,0
DA:62,0
DA:63,0
DA:65,0
DA:70,0
DA:76,0
DA:81,0
DA:82,0
DA:84,0
DA:88,0
DA:93,0
LF:35
LH:6
BRDA:22,0,0,0
BRDA:35,1,0,0
BRDA:43,2,0,0
BRDA:46,3,0,0
BRDA:62,4,0,0
BRDA:81,5,0,0
BRF:6
BRH:0
end_of_record
TN:
SF:src/products/products.service.ts
FN:12,(anonymous_11)
FN:19,(anonymous_12)
FN:24,(anonymous_14)
FN:32,(anonymous_16)
FN:51,(anonymous_18)
FN:63,(anonymous_20)
FN:76,(anonymous_22)
FN:87,(anonymous_24)
FNF:8
FNH:1
FNDA:2,(anonymous_11)
FNDA:0,(anonymous_12)
FNDA:0,(anonymous_14)
FNDA:0,(anonymous_16)
FNDA:0,(anonymous_18)
FNDA:0,(anonymous_20)
FNDA:0,(anonymous_22)
FNDA:0,(anonymous_24)
DA:1,2
DA:3,2
DA:5,2
DA:11,2
DA:14,2
DA:16,2
DA:20,0
DA:21,0
DA:25,0
DA:26,0
DA:27,0
DA:29,0
DA:33,0
DA:34,0
DA:35,0
DA:37,0
DA:41,0
DA:42,0
DA:43,0
DA:45,0
DA:46,0
DA:47,0
DA:49,0
DA:52,0
DA:53,0
DA:54,0
DA:56,0
DA:57,0
DA:58,0
DA:60,0
DA:64,0
DA:65,0
DA:66,0
DA:68,0
DA:69,0
DA:70,0
DA:72,0
DA:77,0
DA:78,0
DA:79,0
DA:81,0
DA:82,0
DA:83,0
DA:85,0
DA:88,0
DA:89,0
DA:90,0
DA:92,0
LF:48
LH:6
BRDA:26,0,0,0
BRDA:34,1,0,0
BRDA:34,2,0,0
BRDA:34,2,1,0
BRDA:37,3,0,0
BRDA:37,3,1,0
BRDA:42,4,0,0
BRDA:46,5,0,0
BRDA:53,6,0,0
BRDA:57,7,0,0
BRDA:65,8,0,0
BRDA:69,9,0,0
BRDA:78,10,0,0
BRDA:82,11,0,0
BRDA:89,12,0,0
BRF:15
BRH:0
end_of_record
TN:
SF:src/products/dto/product.dto.ts
FNF:0
FNH:0
DA:1,2
DA:3,2
DA:4,2
DA:7,2
LF:4
LH:4
BRF:0
BRH:0
end_of_record
TN:
SF:src/roles/roles.ts
FN:1,(anonymous_0)
FNF:1
FNH:1
FNDA:2,(anonymous_0)
DA:1,2
DA:2,2
DA:3,2
DA:4,2
LF:4
LH:4
BRDA:1,0,0,2
BRDA:1,0,1,2
BRF:2
BRH:2
end_of_record
TN:
SF:src/users/user.entity.ts
FN:17,(anonymous_7)
FN:28,(anonymous_8)
FN:32,(anonymous_9)
FN:36,(anonymous_10)
FN:40,(anonymous_11)
FN:44,(anonymous_12)
FN:48,(anonymous_13)
FN:52,(anonymous_15)
FNF:8
FNH:8
FNDA:13,(anonymous_7)
FNDA:1,(anonymous_8)
FNDA:1,(anonymous_9)
FNDA:1,(anonymous_10)
FNDA:1,(anonymous_11)
FNDA:1,(anonymous_12)
FNDA:1,(anonymous_13)
FNDA:12,(anonymous_15)
DA:1,2
DA:10,2
DA:18,13
DA:19,13
DA:20,13
DA:21,13
DA:23,13
DA:24,12
DA:29,1
DA:33,1
DA:37,1
DA:41,1
DA:45,1
DA:49,1
DA:53,12
LF:15
LH:15
BRDA:23,0,0,12
BRF:1
BRH:1
end_of_record
TN:
SF:src/users/user.service.ts
FN:14,(anonymous_11)
FN:21,(anonymous_12)
FN:39,(anonymous_14)
FN:56,(anonymous_16)
FN:60,(anonymous_18)
FN:67,(anonymous_20)
FN:71,(anonymous_22)
FN:79,(anonymous_24)
FN:90,(anonymous_26)
FNF:9
FNH:9
FNDA:2,(anonymous_11)
FNDA:1,(anonymous_12)
FNDA:12,(anonymous_14)
FNDA:5,(anonymous_16)
FNDA:10,(anonymous_18)
FNDA:1,(anonymous_20)
FNDA:1,(anonymous_22)
FNDA:1,(anonymous_24)
FNDA:1,(anonymous_26)
DA:4,2
DA:5,2
DA:6,2
DA:8,2
DA:13,2
DA:16,2
DA:18,2
DA:22,1
DA:23,1
DA:29,1
DA:30,1
DA:31,1
DA:32,1
DA:33,1
DA:34,0
DA:36,1
DA:40,12
DA:41,12
DA:42,0
DA:44,12
DA:53,12
DA:57,5
DA:61,10
DA:62,10
DA:63,0
DA:65,10
DA:68,1
DA:69,1
DA:72,1
DA:73,1
DA:74,0
DA:76,1
DA:80,1
DA:81,1
DA:82,1
DA:83,1
DA:84,1
DA:85,0
DA:87,1
DA:91,1
DA:92,1
DA:93,0
DA:95,1
DA:96,1
DA:97,0
DA:99,1
LF:46
LH:39
BRDA:22,0,0,0
BRDA:22,1,0,0
BRDA:33,2,0,0
BRDA:41,3,0,0
BRDA:62,4,0,0
BRDA:73,5,0,0
BRDA:83,6,0,0
BRDA:83,6,1,1
BRDA:83,7,0,1
BRDA:83,7,1,1
BRDA:84,8,0,0
BRDA:92,9,0,0
BRDA:96,10,0,0
BRF:13
BRH:3
end_of_record
TN:
SF:src/users/users.controller.ts
FN:21,(anonymous_12)
FN:112,(anonymous_13)
FN:121,(anonymous_15)
FN:128,(anonymous_16)
FN:149,(anonymous_18)
FN:157,(anonymous_20)
FN:178,(anonymous_22)
FN:200,(anonymous_24)
FN:208,(anonymous_26)
FN:216,(anonymous_28)
FN:224,(anonymous_30)
FN:243,(anonymous_32)
FN:257,(anonymous_34)
FN:262,(anonymous_35)
FN:271,(anonymous_36)
FN:282,(anonymous_37)
FNF:16
FNH:15
FNDA:2,(anonymous_12)
FNDA:1,(anonymous_13)
FNDA:5,(anonymous_15)
FNDA:1,(anonymous_16)
FNDA:0,(anonymous_18)
FNDA:1,(anonymous_20)
FNDA:1,(anonymous_22)
FNDA:1,(anonymous_24)
FNDA:1,(anonymous_26)
FNDA:1,(anonymous_28)
FNDA:12,(anonymous_30)
FNDA:1,(anonymous_32)
FNDA:10,(anonymous_34)
FNDA:10,(anonymous_35)
FNDA:10,(anonymous_36)
FNDA:3,(anonymous_37)
DA:1,2
DA:3,2
DA:4,2
DA:6,2
DA:8,2
DA:9,2
DA:11,2
DA:12,2
DA:14,2
DA:15,2
DA:16,2
DA:17,2
DA:18,2
DA:20,2
DA:22,2
DA:23,2
DA:24,2
DA:26,2
DA:27,2
DA:28,2
DA:29,2
DA:30,2
DA:31,2
DA:32,2
DA:117,1
DA:118,1
DA:119,0
DA:121,1
DA:122,5
DA:123,5
DA:125,1
DA:133,1
DA:134,1
DA:135,0
DA:138,1
DA:139,1
DA:140,1
DA:141,0
DA:144,1
DA:146,1
DA:154,0
DA:162,1
DA:163,1
DA:164,1
DA:165,0
DA:169,1
DA:170,1
DA:171,1
DA:172,1
DA:173,0
DA:175,1
DA:183,1
DA:184,1
DA:185,0
DA:187,1
DA:188,1
DA:189,0
DA:193,1
DA:194,1
DA:195,0
DA:197,1
DA:205,1
DA:213,1
DA:221,1
DA:229,12
DA:230,12
DA:231,2
DA:233,10
DA:234,10
DA:239,10
DA:248,1
DA:249,1
DA:250,0
DA:254,1
DA:262,10
DA:263,10
DA:272,10
DA:273,0
DA:275,10
DA:287,3
DA:288,3
DA:289,0
DA:291,3
LF:83
LH:71
BRDA:118,0,0,0
BRDA:121,1,0,0
BRDA:121,1,1,1
BRDA:121,2,0,1
BRDA:121,2,1,1
BRDA:134,3,0,0
BRDA:140,4,0,0
BRDA:164,5,0,0
BRDA:172,6,0,0
BRDA:184,7,0,0
BRDA:188,8,0,0
BRDA:194,9,0,0
BRDA:230,10,0,2
BRDA:230,10,1,10
BRDA:233,11,0,10
BRDA:233,11,1,0
BRDA:249,12,0,0
BRDA:272,13,0,0
BRDA:272,13,1,10
BRDA:272,14,0,10
BRDA:272,14,1,10
BRDA:288,15,0,0
BRDA:291,16,0,0
BRDA:291,16,1,3
BRDA:291,17,0,3
BRDA:291,17,1,3
BRDA:291,18,0,0
BRDA:291,18,1,3
BRDA:291,19,0,3
BRDA:291,19,1,3
BRF:30
BRH:15
end_of_record
TN:
SF:src/users/users.repository.ts
FN:12,(anonymous_11)
FN:17,(anonymous_12)
FN:32,(anonymous_14)
FN:40,(anonymous_16)
FN:49,(anonymous_17)
FN:53,(anonymous_18)
FN:61,(anonymous_19)
FN:82,(anonymous_21)
FNF:8
FNH:7
FNDA:2,(anonymous_11)
FNDA:1,(anonymous_12)
FNDA:31,(anonymous_14)
FNDA:0,(anonymous_16)
FNDA:1,(anonymous_17)
FNDA:1,(anonymous_18)
FNDA:1,(anonymous_19)
FNDA:1,(anonymous_21)
DA:2,2
DA:3,2
DA:5,2
DA:8,2
DA:11,2
DA:13,2
DA:14,2
DA:18,1
DA:19,1
DA:29,1
DA:33,31
DA:41,0
DA:46,0
DA:50,1
DA:54,1
DA:62,1
DA:63,1
DA:64,1
DA:65,0
DA:67,1
DA:68,0
DA:70,1
DA:83,1
DA:84,1
DA:85,0
DA:87,1
DA:92,1
LF:27
LH:22
BRDA:64,0,0,0
BRDA:67,1,0,0
BRDA:84,2,0,0
BRF:3
BRH:0
end_of_record
TN:
SF:src/users/dto/user-login.dto.ts
FNF:0
FNH:0
DA:1,2
DA:2,2
DA:3,2
DA:6,2
LF:4
LH:4
BRF:0
BRH:0
end_of_record
TN:
SF:src/users/dto/user-register.dto.ts
FNF:0
FNH:0
DA:1,2
DA:2,2
DA:3,2
DA:5,2
DA:7,2
DA:9,2
DA:11,2
DA:13,2
LF:8
LH:8
BRF:0
BRH:0
end_of_record
TN:
SF:src/users/dto/user-update.dto.ts
FNF:0
FNH:0
DA:1,2
DA:2,2
DA:3,2
DA:5,2
DA:7,2
DA:9,2
DA:11,2
LF:7
LH:7
BRF:0
BRH:0
end_of_record
