TN:
SF:src/app.ts
FN:21,(anonymous_12)
FN:35,(anonymous_13)
FN:41,(anonymous_14)
FN:45,(anonymous_15)
FN:49,(anonymous_16)
FN:58,(anonymous_18)
FNF:6
FNH:6
FNDA:1,(anonymous_12)
FNDA:1,(anonymous_13)
FNDA:1,(anonymous_14)
FNDA:1,(anonymous_15)
FNDA:1,(anonymous_16)
FNDA:1,(anonymous_18)
DA:1,1
DA:2,1
DA:4,1
DA:9,1
DA:10,1
DA:11,1
DA:12,1
DA:13,1
DA:16,1
DA:22,1
DA:24,1
DA:26,1
DA:28,1
DA:29,1
DA:31,1
DA:32,1
DA:36,1
DA:37,1
DA:38,1
DA:42,1
DA:46,1
DA:50,1
DA:51,1
DA:52,1
DA:53,1
DA:54,1
DA:55,1
DA:59,1
LF:28
LH:28
BRF:0
BRH:0
end_of_record
TN:
SF:src/main.ts
FN:18,(anonymous_7)
FN:42,bootstrap
FNF:2
FNH:2
FNDA:1,(anonymous_7)
FNDA:1,bootstrap
DA:1,1
DA:2,1
DA:3,1
DA:5,1
DA:6,1
DA:8,1
DA:11,1
DA:13,1
DA:14,1
DA:16,1
DA:18,1
DA:19,1
DA:20,1
DA:23,1
DA:26,1
DA:27,1
DA:30,1
DA:31,1
DA:34,1
DA:43,1
DA:44,1
DA:45,1
DA:46,1
DA:47,1
DA:50,1
LF:25
LH:25
BRF:0
BRH:0
end_of_record
TN:
SF:src/types.ts
FNF:0
FNH:0
DA:1,1
LF:1
LH:1
BRF:0
BRH:0
end_of_record
TN:
SF:src/common/auth.guard.ts
FN:5,(anonymous_0)
FNF:1
FNH:1
FNDA:2,(anonymous_0)
DA:4,1
DA:6,2
DA:7,1
DA:9,1
LF:4
LH:4
BRDA:6,0,0,1
BRF:1
BRH:1
end_of_record
TN:
SF:src/common/auth.middleware.ts
FN:6,(anonymous_0)
FN:8,(anonymous_1)
FN:11,(anonymous_2)
FNF:3
FNH:3
FNDA:1,(anonymous_0)
FNDA:6,(anonymous_1)
FNDA:2,(anonymous_2)
DA:2,1
DA:5,1
DA:6,1
DA:9,6
DA:10,2
DA:11,2
DA:12,2
DA:13,1
DA:14,1
DA:15,1
DA:16,1
DA:20,4
LF:12
LH:12
BRDA:9,0,0,2
BRDA:9,0,1,4
BRDA:12,1,0,1
BRDA:12,1,1,1
BRDA:14,2,0,1
BRDA:14,3,0,1
BRDA:14,3,1,1
BRF:7
BRH:7
end_of_record
TN:
SF:src/common/base.controller.ts
FN:11,(anonymous_2)
FN:15,(anonymous_3)
FN:19,(anonymous_4)
FN:22,(anonymous_5)
FN:29,(anonymous_6)
FN:34,(anonymous_7)
FN:38,(anonymous_8)
FNF:7
FNH:6
FNDA:1,(anonymous_2)
FNDA:12,(anonymous_3)
FNDA:1,(anonymous_4)
FNDA:3,(anonymous_5)
FNDA:3,(anonymous_6)
FNDA:0,(anonymous_7)
FNDA:3,(anonymous_8)
DA:1,1
DA:2,1
DA:5,1
DA:8,1
DA:11,1
DA:12,1
DA:16,12
DA:20,1
DA:21,11
DA:22,11
DA:23,11
DA:24,11
DA:25,11
DA:30,3
DA:31,3
DA:35,0
DA:39,3
LF:17
LH:16
BRDA:22,0,0,8
BRDA:22,0,1,3
BRDA:22,1,0,11
BRDA:22,1,1,11
BRDA:24,2,0,3
BRDA:24,2,1,8
BRF:6
BRH:6
end_of_record
TN:
SF:src/common/validate.middleware.ts
FN:6,(anonymous_0)
FN:8,(anonymous_1)
FN:10,(anonymous_2)
FNF:3
FNH:3
FNDA:2,(anonymous_0)
FNDA:4,(anonymous_1)
FNDA:4,(anonymous_2)
DA:1,1
DA:2,1
DA:5,1
DA:6,2
DA:9,4
DA:10,4
DA:11,4
DA:12,0
DA:14,4
LF:9
LH:8
BRDA:11,0,0,0
BRDA:11,0,1,4
BRF:2
BRH:1
end_of_record
TN:
SF:src/config/config.service.ts
FN:11,(anonymous_4)
FN:21,(anonymous_5)
FNF:2
FNH:2
FNDA:1,(anonymous_4)
FNDA:5,(anonymous_5)
DA:1,1
DA:2,1
DA:4,1
DA:6,1
DA:9,1
DA:11,1
DA:12,1
DA:13,1
DA:14,0
DA:16,1
DA:17,1
DA:22,5
LF:12
LH:11
BRDA:13,0,0,0
BRDA:13,0,1,1
BRF:2
BRH:1
end_of_record
TN:
SF:src/database/prisma.service.ts
FN:11,(anonymous_11)
FN:15,(anonymous_12)
FN:26,(anonymous_14)
FNF:3
FNH:2
FNDA:1,(anonymous_11)
FNDA:1,(anonymous_12)
FNDA:0,(anonymous_14)
DA:1,1
DA:2,1
DA:4,1
DA:5,1
DA:8,1
DA:11,1
DA:12,1
DA:16,1
DA:17,1
DA:18,1
DA:20,0
DA:21,0
DA:27,0
LF:13
LH:10
BRDA:20,0,0,0
BRF:1
BRH:0
end_of_record
TN:
SF:src/errors/exception.filter.ts
FN:11,(anonymous_4)
FN:13,(anonymous_5)
FNF:2
FNH:2
FNDA:1,(anonymous_4)
FNDA:2,(anonymous_5)
DA:2,1
DA:4,1
DA:6,1
DA:7,1
DA:10,1
DA:11,1
DA:14,2
DA:15,2
DA:16,2
DA:18,0
DA:19,0
LF:11
LH:9
BRDA:14,0,0,2
BRDA:14,0,1,0
BRF:2
BRH:1
end_of_record
TN:
SF:src/errors/http-error.class.ts
FN:5,(anonymous_0)
FNF:1
FNH:1
FNDA:2,(anonymous_0)
DA:1,1
DA:6,2
DA:7,2
DA:8,2
DA:9,2
LF:5
LH:5
BRF:0
BRH:0
end_of_record
TN:
SF:src/logger/logger.ts
FN:10,(anonymous_2)
FN:19,(anonymous_3)
FN:23,(anonymous_4)
FN:28,(anonymous_5)
FNF:4
FNH:3
FNDA:1,(anonymous_2)
FNDA:14,(anonymous_3)
FNDA:2,(anonymous_4)
FNDA:0,(anonymous_5)
DA:1,1
DA:2,1
DA:4,1
DA:7,1
DA:11,1
DA:20,14
DA:25,2
DA:29,0
LF:8
LH:7
BRF:0
BRH:0
end_of_record
TN:
SF:src/users/user.entity.ts
FN:6,(anonymous_7)
FN:23,(anonymous_8)
FN:27,(anonymous_9)
FN:31,(anonymous_10)
FN:35,(anonymous_11)
FN:39,(anonymous_12)
FN:43,(anonymous_13)
FN:47,(anonymous_15)
FNF:8
FNH:3
FNDA:4,(anonymous_7)
FNDA:0,(anonymous_8)
FNDA:0,(anonymous_9)
FNDA:0,(anonymous_10)
FNDA:0,(anonymous_11)
FNDA:0,(anonymous_12)
FNDA:1,(anonymous_13)
FNDA:3,(anonymous_15)
DA:1,1
DA:3,1
DA:8,4
DA:9,4
DA:10,4
DA:11,4
DA:14,4
DA:15,3
DA:24,0
DA:28,0
DA:32,0
DA:36,0
DA:40,0
DA:44,1
DA:48,3
LF:15
LH:10
BRDA:14,0,0,3
BRF:1
BRH:1
end_of_record
TN:
SF:src/users/user.service.ts
FN:15,(anonymous_11)
FN:22,(anonymous_12)
FN:37,(anonymous_14)
FN:52,(anonymous_16)
FNF:4
FNH:4
FNDA:1,(anonymous_11)
FNDA:1,(anonymous_12)
FNDA:3,(anonymous_14)
FNDA:1,(anonymous_16)
DA:4,1
DA:5,1
DA:6,1
DA:8,1
DA:14,1
DA:17,1
DA:19,1
DA:27,1
DA:28,1
DA:29,1
DA:30,1
DA:31,1
DA:32,1
DA:34,0
DA:38,3
DA:39,3
DA:40,0
DA:42,3
DA:49,3
DA:53,1
LF:20
LH:18
BRDA:31,0,0,1
BRDA:39,1,0,0
BRF:2
BRH:1
end_of_record
TN:
SF:src/users/users.controller.ts
FN:21,(anonymous_11)
FN:67,(anonymous_12)
FN:71,(anonymous_13)
FN:75,(anonymous_14)
FN:79,(anonymous_15)
FN:83,(anonymous_16)
FN:87,(anonymous_17)
FN:91,(anonymous_18)
FN:95,(anonymous_19)
FN:99,(anonymous_20)
FN:119,(anonymous_22)
FN:135,(anonymous_24)
FN:140,(anonymous_25)
FN:149,(anonymous_26)
FN:159,(anonymous_27)
FNF:15
FNH:7
FNDA:1,(anonymous_11)
FNDA:0,(anonymous_12)
FNDA:0,(anonymous_13)
FNDA:0,(anonymous_14)
FNDA:0,(anonymous_15)
FNDA:0,(anonymous_16)
FNDA:0,(anonymous_17)
FNDA:0,(anonymous_18)
FNDA:0,(anonymous_19)
FNDA:3,(anonymous_20)
FNDA:1,(anonymous_22)
FNDA:2,(anonymous_24)
FNDA:2,(anonymous_25)
FNDA:2,(anonymous_26)
FNDA:1,(anonymous_27)
DA:1,1
DA:3,1
DA:4,1
DA:6,1
DA:7,1
DA:9,1
DA:10,1
DA:13,1
DA:15,1
DA:17,1
DA:20,1
DA:22,1
DA:23,1
DA:24,1
DA:26,1
DA:27,1
DA:68,0
DA:72,0
DA:76,0
DA:80,0
DA:84,0
DA:88,0
DA:92,0
DA:96,0
DA:105,3
DA:106,3
DA:107,3
DA:108,1
DA:110,2
DA:115,2
DA:125,1
DA:126,1
DA:127,1
DA:132,0
DA:140,2
DA:141,2
DA:150,2
DA:151,0
DA:153,2
DA:164,1
DA:165,1
LF:41
LH:31
BRDA:107,0,0,1
BRDA:107,0,1,2
BRDA:126,1,0,1
BRDA:150,2,0,0
BRDA:165,3,0,0
BRDA:165,3,1,1
BRDA:165,4,0,1
BRDA:165,4,1,1
BRDA:165,5,0,0
BRDA:165,5,1,1
BRDA:165,6,0,1
BRDA:165,6,1,1
BRF:12
BRH:9
end_of_record
TN:
SF:src/users/users.repository.ts
FN:12,(anonymous_11)
FN:23,(anonymous_12)
FN:42,(anonymous_14)
FN:54,(anonymous_16)
FNF:4
FNH:2
FNDA:1,(anonymous_11)
FNDA:0,(anonymous_12)
FNDA:5,(anonymous_14)
FNDA:0,(anonymous_16)
DA:2,1
DA:3,1
DA:5,1
DA:8,1
DA:11,1
DA:13,1
DA:14,1
DA:16,1
DA:30,0
DA:40,0
DA:48,5
DA:55,0
DA:60,0
LF:13
LH:9
BRF:0
BRH:0
end_of_record
TN:
SF:src/users/dto/user-login.dto.ts
FNF:0
FNH:0
DA:1,1
DA:3,1
DA:4,1
DA:7,1
LF:4
LH:4
BRF:0
BRH:0
end_of_record
TN:
SF:src/users/dto/user-register.dto.ts
FNF:0
FNH:0
DA:1,1
DA:3,1
DA:4,1
DA:7,1
DA:10,1
LF:5
LH:5
BRF:0
BRH:0
end_of_record
